Sat Jun  2 07:04:23 2018
Search term used: "     " . Country searched: .
gfound: 0.
Mon Jun  4 12:37:34 2018
Search term used: " organic    " ffound: 12.
Wed Jun  6 13:29:38 2018
Search term used: "     " ofound: 0.
Wed Jun  6 13:39:23 2018
Search term used: "     " . Country searched: .
gfound: 0.
Wed Jun  6 13:56:35 2018
Search term used: "     " Time covered: 1950 to 2018. Type of search: "  "
Thu Jun  7 15:46:02 2018
Search term used: " shive    " Time covered: 1950 to 2018. Type of search: " omit "
pfound = 0.
Sun Jun 10 19:45:52 2018
Search term used: "     " ofound: 0.
Sun Jun 10 19:48:22 2018
Search term used: "     " ifound: 0.
Sun Jun 10 19:58:20 2018
Search term used: "     " Time covered: 1950 to 2018. Type of search: "  "
Sun Jun 10 20:32:23 2018
Search term used: "     " . Country searched: .
gfound: 0.
Mon Jun 11 04:09:01 2018
Search term used: " Electrochemical Hydrogen and Metals " ffound: 1.
Sat Jun 16 04:52:14 2018
Search term used: "     " Time covered: 1950 to 2018. Type of search: "  "
Sat Jun 16 05:18:12 2018
Search term used: "     " ifound: 0.
Wed Jun 20 17:22:38 2018
Search term used: "     " . Country searched: .
gfound: 0.
Mon Jun 25 09:16:27 2018
Search term used: "     " Time covered: 1950 to 2018. Type of search: "  "
Mon Jun 25 09:23:51 2018
Search term used: "     " ofound: 0.
Mon Jun 25 09:54:02 2018
Search term used: "     " ifound: 0.
Mon Jun 25 10:04:49 2018
Search term used: "     " . Country searched: .
gfound: 0.
Sat Jun 30 18:51:43 2018
Search term used: "     " Time covered: 1950 to 2018. Type of search: "  "
Sat Jun 30 18:52:04 2018
Search term used: "     " ifound: 0.
