Thu May  2 16:17:01 2019
Search term used: "     " . Country searched: .
gfound: 0.
Fri May  3 02:28:37 2019
Search term used: "     " . Country searched: CANADA.
gfound: 0.
Sat May  4 18:22:41 2019
Search term used: "     " . Country searched: .
gfound: 0.
Sun May  5 00:42:37 2019
Search term used: "     " ifound: 0.
Mon May  6 07:26:05 2019
Search term used: "     " ofound: 0.
Mon May  6 21:55:03 2019
Search term used: "     " ofound: 0.
Wed May  8 07:55:30 2019
Search term used: "     " ifound: 0.
Thu May  9 11:55:52 2019
Search term used: "     " Time covered: 1950 to 2019. Type of search: "  "
Fri May 10 04:02:12 2019
Search term used: "     " Time covered: 1950 to 2019. Type of search: "  "
Sun May 12 13:49:51 2019
Search term used: "     " . Country searched: .
gfound: 0.
Tue May 14 15:36:14 2019
Search term used: "     " . Country searched: .
gfound: 0.
Tue May 14 22:03:30 2019
Search term used: "     " ifound: 0.
Thu May 16 09:36:13 2019
Search term used: "     " ofound: 0.
Fri May 17 03:25:25 2019
Search term used: "     " ofound: 0.
Sat May 18 12:04:06 2019
Search term used: "     " ifound: 0.
Sun May 19 16:59:54 2019
Search term used: "     " Time covered: 1950 to 2019. Type of search: "  "
Mon May 20 03:51:25 2019
Search term used: "     " Time covered: 1950 to 2019. Type of search: "  "
Wed May 22 07:45:57 2019
Search term used: "     " . Country searched: .
gfound: 0.
Sat May 25 01:17:48 2019
Search term used: "     " ifound: 0.
Sat May 25 11:38:00 2019
Search term used: "     " . Country searched: .
gfound: 0.
Sun May 26 07:34:58 2019
Search term used: "     " ofound: 0.
Sun May 26 21:23:48 2019
Search term used: "     " ofound: 0.
Tue May 28 05:56:09 2019
Search term used: "     " ifound: 0.
Wed May 29 04:26:46 2019
Search term used: "     " Time covered: 1950 to 2019. Type of search: "  "
Wed May 29 17:25:24 2019
Search term used: "     " Time covered: 1950 to 2019. Type of search: "  "
