Fri Jan 16 13:15:12 2015
Search term used: " bipolar cell   " ffound: 0.
Fri Jan 16 18:32:29 2015
Search term used: " reversible potential   " Exact search. (No "wildcards" as leading or trailing characters.)
ffound: 0.
Sun Jan 18 16:04:36 2015
Search term used: " hegde    " . Country searched: all.
gfound: 0.
Sun Jan 18 16:04:51 2015
Search term used: " hedge    " . Country searched: all.
gfound: 0.
Sun Jan 18 16:05:09 2015
Search term used: " hedge    " . Country searched: all.
gfound: 0.
Sun Jan 18 16:05:44 2015
Search term used: " hedge    " . Country searched: all.
gfound: 0.
Sun Jan 18 16:05:56 2015
Search term used: " hegde    " . Country searched: all.
gfound: 0.
Sun Jan 18 16:07:33 2015
Search term used: " hegde    " . Country searched: all.
Exact search. (No "wildcards" as leading or trailing characters.)
gfound: 0.
Mon Jan 19 23:48:28 2015
Search term used: "     " ffound: 0.
Wed Jan 21 13:23:25 2015
Search term used: " Electrode potentials   " Time covered: 1950 to 2015. Type of search: " omit "
bfound = 4.
Mon Jan 26 07:50:50 2015
Search term used: " ionic liquid   " ffound: 6.
Sat Jan 31 01:08:17 2015
Search term used: " cold fusion   " ffound: 5.
