Mon Apr  1 20:59:42 2019
Search term used: "     " ifound: 0.
Wed Apr  3 09:30:28 2019
Search term used: "     " Time covered: 1950 to 2019. Type of search: "  "
Thu Apr  4 12:47:04 2019
Search term used: "     " Time covered: 1950 to 2019. Type of search: "  "
Sun Apr  7 22:05:20 2019
Search term used: "     " . Country searched: .
gfound: 0.
Mon Apr  8 08:36:46 2019
Search term used: " weston    " ffound: 4.
Thu Apr 11 03:25:25 2019
Search term used: "     " ofound: 0.
Fri Apr 12 20:55:41 2019
Search term used: "     " ifound: 0.
Sat Apr 13 05:58:43 2019
Search term used: " Vol. 99-1   " Time covered: 1950 to 2019. Type of search: " omit "
pfound = 4.
Sat Apr 13 05:58:55 2019
Search term used: "     " Time covered: 1950 to 2019. Type of search: "  "
Sat Apr 13 06:00:22 2019
Search term used: " H. Maleki   " Time covered: 1950 to 2019. Type of search: " omit "
pfound = 0.
Sat Apr 13 06:00:30 2019
Search term used: " Maleki    " Time covered: 1950 to 2019. Type of search: " omit "
pfound = 0.
Sat Apr 13 06:00:46 2019
Search term used: " 6 May 1999  " Time covered: 1950 to 2019. Type of search: " omit "
pfound = 0.
Sat Apr 13 06:00:50 2019
Search term used: " May 1999   " Time covered: 1950 to 2019. Type of search: " omit "
pfound = 0.
Sat Apr 13 06:00:57 2019
Search term used: " Vol. 99   " Time covered: 1950 to 2019. Type of search: " omit "
pfound = 21.
Sat Apr 13 06:01:13 2019
Search term used: " Seattle    " Time covered: 1950 to 2019. Type of search: " omit "
pfound = 13.
Mon Apr 15 05:23:57 2019
Search term used: "     " Time covered: 1950 to 2019. Type of search: "  "
Fri Apr 19 03:56:01 2019
Search term used: "     " . Country searched: .
gfound: 0.
Tue Apr 23 05:39:57 2019
Search term used: "     " . Country searched: .
gfound: 0.
Tue Apr 23 19:24:09 2019
Search term used: "     " ifound: 0.
Thu Apr 25 17:01:35 2019
Search term used: "     " ofound: 0.
Sat Apr 27 03:11:23 2019
Search term used: " iron nikel   " ifound: 0.
Sat Apr 27 03:11:38 2019
Search term used: " iron    " ifound: 8.
Sat Apr 27 03:12:01 2019
Search term used: " nikel    " ifound: 0.
Sat Apr 27 03:12:10 2019
Search term used: " nickel    " ifound: 1.
Sat Apr 27 09:19:05 2019
Search term used: " sodium ion cathode O3 " ffound: 0.
Sat Apr 27 09:19:47 2019
Search term used: " O3    " ffound: 1.
Sun Apr 28 05:45:18 2019
Search term used: "     " ifound: 0.
Mon Apr 29 19:33:12 2019
Search term used: "     " Time covered: 1950 to 2019. Type of search: "  "
Mon Apr 29 22:13:27 2019
Search term used: " semiconductor cleaning   " ffound: 0.
Mon Apr 29 22:13:31 2019
Search term used: " semiconductor    " ffound: 10.
Tue Apr 30 12:30:09 2019
Search term used: " differential capacity   " ffound: 1.
Tue Apr 30 13:55:03 2019
Search term used: "     " Time covered: 1950 to 2019. Type of search: "  "
