Fri Mar  4 11:13:15 2016
Search term used: " fem simulation   " ffound: 0.
Mon Mar  7 09:25:25 2016
Search term used: " Electroplating for beginers  " ffound: 0.
Wed Mar  9 04:31:53 2016
Search term used: " PHOTOELECTROCHEMISTRY OF SEMICONDUCTORS  " ffound: 2.
Wed Mar  9 05:39:16 2016
Search term used: "     " ffound: 0.
Wed Mar  9 15:29:49 2016
Search term used: " potassium    " ifound: 1.
Thu Mar 10 08:29:28 2016
Search term used: "     " ffound: 0.
Thu Mar 24 16:07:13 2016
Search term used: " and    " ifound: 216.
Thu Mar 24 16:07:43 2016
Search term used: " copper    " ffound: 9.
Thu Mar 31 10:36:11 2016
Search term used: " course    " ffound: 7.
Thu Mar 31 10:57:12 2016
Search term used: " summer school   " ffound: 2.
