Wed Nov  5 13:32:25 2014
Search term used: "     " ffound: 0.
Thu Nov  6 11:35:50 2014
Search term used: "     " ifound: 0.
Thu Nov  6 11:42:34 2014
Search term used: "     " ifound: 0.
Thu Nov  6 11:42:53 2014
Search term used: "     " ifound: 0.
Thu Nov  6 12:09:29 2014
Search term used: "     " ffound: 0.
Thu Nov  6 12:09:30 2014
Search term used: "     " ffound: 0.
Thu Nov  6 12:09:58 2014
Search term used: " elctro    " ffound: 1.
Thu Nov  6 13:39:44 2014
Search term used: "     " ffound: 0.
Thu Nov  6 14:31:38 2014
Search term used: " copper    " ifound: 2.
Thu Nov  6 14:32:36 2014
Search term used: " copper    " . Country searched: all.
gfound: 16.
Thu Nov  6 14:33:07 2014
Search term used: " zinc    " Time covered: 1950 to 2014. Type of search: " omit "
cfound = 58.
Thu Nov  6 15:49:14 2014
Search term used: " ZOLTAN NAGY   " ffound: 1.
Sun Nov  9 21:13:26 2014
Search term used: " copper    " Time covered: 1950 to 2014. Type of search: " omit "
pfound = 6.
Sun Nov  9 21:14:51 2014
Search term used: " iron    " ffound: 11.
Tue Nov 11 21:09:11 2014
Search term used: " copper    " . Country searched: all.
gfound: 16.
Wed Nov 12 16:05:40 2014
Search term used: " and    " . Country searched: ALGERIA.
gfound: 0.
Wed Nov 12 16:05:52 2014
Search term used: " and    " . Country searched: AUSTRIA.
gfound: 3.
Thu Nov 13 11:16:42 2014
Search term used: " copper    " Time covered: 1950 to 2014. Type of search: " omit "
pfound = 6.
Thu Nov 13 14:32:24 2014
Search term used: " copper    " . Country searched: all.
gfound: 16.
Fri Nov 14 10:35:56 2014
Search term used: "     " ffound: 0.
Fri Nov 14 10:39:13 2014
Search term used: "     " ffound: 0.
Fri Nov 14 10:39:42 2014
Search term used: "     " ffound: 0.
Fri Nov 14 10:40:19 2014
Search term used: "     " ffound: 0.
Fri Nov 14 10:40:40 2014
Search term used: " encyclopedia    " ffound: 14.
Fri Nov 14 10:41:43 2014
Search term used: " encyclopedia    " ffound: 14.
Fri Nov 14 10:42:44 2014
Search term used: " encyclopedia    " ffound: 14.
Fri Nov 14 10:43:42 2014
Search term used: " encyclopedia    " ffound: 14.
Fri Nov 14 10:46:47 2014
Search term used: " dictionary    " ffound: 14.
Fri Nov 14 10:49:38 2014
Search term used: " dictionary    " ffound: 14.
Fri Nov 14 10:51:05 2014
Search term used: " dictionary    " ffound: 14.
Fri Nov 14 10:51:37 2014
Search term used: " dictionary    " ffound: 14.
Fri Nov 14 11:38:08 2014
Search term used: " chemist    " ffound: 14.
Fri Nov 14 11:56:54 2014
Search term used: "     " ffound: 0.
Fri Nov 14 14:25:42 2014
Search term used: " copeer    " . Country searched: all.
gfound: 0.
Mon Nov 17 16:46:42 2014
Search term used: " copper    " . Country searched: all.
gfound: 16.
Mon Nov 17 18:29:46 2014
Search term used: " iron    " Time covered: 1950 to 2014. Type of search: " omit "
pfound = 28.
Thu Nov 20 14:33:17 2014
Search term used: " copper    " ofound: 24.
Thu Nov 20 14:38:09 2014
Search term used: " zinc    " ifound: 0.
Mon Nov 24 13:06:25 2014
Search term used: " reference electrode   " ffound: 7.
