Wed Jan  2 05:47:03 2019
Search term used: "     " ifound: 0.
Wed Jan  2 17:26:46 2019
Search term used: "     " Time covered: 1950 to 2019. Type of search: "  "
Thu Jan  3 07:18:07 2019
Search term used: " peukert    " Exact search. (No "wildcards" as leading or trailing characters.)
ffound: 1.
Sat Jan  5 09:12:01 2019
Search term used: "     " Time covered: 1950 to 2019. Type of search: "  "
Wed Jan  9 23:06:20 2019
Search term used: " smol    " ffound: 1.
Wed Jan  9 23:06:29 2019
Search term used: " smoluchowski    " ffound: 0.
Wed Jan  9 23:12:23 2019
Search term used: " Electrophoresis    " ffound: 11.
Sun Jan 13 19:47:10 2019
Search term used: "     " ofound: 0.
Mon Jan 14 01:27:58 2019
Search term used: "     " Time covered: 1950 to 2019. Type of search: "  "
Mon Jan 14 22:29:22 2019
Search term used: "     " ffound: 0.
Mon Jan 14 22:29:23 2019
Search term used: "     " . Country searched: .
gfound: 0.
Mon Jan 14 22:29:35 2019
Search term used: "     " ifound: 0.
Mon Jan 14 22:29:35 2019
Search term used: "     " Time covered: 1950 to 2019. Type of search: "  "
Mon Jan 14 22:29:35 2019
Search term used: "     " ofound: 0.
Wed Jan 16 21:34:25 2019
Search term used: "     " . Country searched: FRANCE.
gfound: 0.
Fri Jan 18 14:17:49 2019
Search term used: "     " . Country searched: .
gfound: 0.
Sat Jan 19 15:11:58 2019
Search term used: "     " . Country searched: .
gfound: 0.
Mon Jan 21 21:47:17 2019
Search term used: "     " AND " avtivation enegry   "
Time covered: 1950 to 2019. Type of search: " omit "
cfound = 0.
Mon Jan 21 21:47:31 2019
Search term used: "     " AND " avtivation    "
Time covered: 1950 to 2019. Type of search: " omit "
cfound = 0.
Mon Jan 21 21:47:52 2019
Search term used: " avtivation    " ffound: 0.
Mon Jan 21 21:48:03 2019
Search term used: " silver    " ffound: 9.
Tue Jan 22 00:43:02 2019
Search term used: "     " . Country searched: .
gfound: 0.
Fri Jan 25 17:11:19 2019
Search term used: "     " Time covered: 1950 to 2019. Type of search: " omit "
bfound = 0.
cfound = 0.
Tue Jan 29 15:05:55 2019
Search term used: "     " AND " Electroplating (7th Symp. Budapest, "
Time covered: 1950 to 2019. Type of search: " omit "
pfound = 0.
Tue Jan 29 15:06:37 2019
Search term used: "     " AND " Electroplating (7th Symp. Budapest, "
Time covered: 1985 to 2019. Type of search: " omit "
pfound = 0.
Thu Jan 31 14:42:36 2019
Search term used: "     " ffound: 0.
Thu Jan 31 21:30:08 2019
Search term used: "     " ifound: 0.
Thu Jan 31 21:30:08 2019
Search term used: "     " . Country searched: .
gfound: 0.
Thu Jan 31 21:30:08 2019
Search term used: "     " Time covered: 1950 to 2019. Type of search: "  "
Thu Jan 31 21:30:19 2019
Search term used: "     " ofound: 0.
