Sat Aug  3 20:57:48 2019
Search term used: "     " . Country searched: .
gfound: 0.
Mon Aug  5 00:40:39 2019
Search term used: "     " ifound: 0.
Fri Aug  9 00:38:43 2019
Search term used: "     " . Country searched: .
gfound: 0.
Sat Aug 10 01:33:36 2019
Search term used: " electrochemical deburring   " Time covered: 1950 to 2019. Type of search: " omit "
bfound = 0.
Sat Aug 10 01:33:47 2019
Search term used: " electrochemical    " Time covered: 1950 to 2019. Type of search: " omit "
bfound = 255.
Sat Aug 10 14:11:08 2019
Search term used: "     " . Country searched: .
gfound: 0.
Sat Aug 10 22:09:06 2019
Search term used: "     " ifound: 0.
Sun Aug 11 17:56:21 2019
Search term used: "     " ofound: 0.
Mon Aug 12 14:12:19 2019
Search term used: " medicine    " ffound: 8.
Wed Aug 14 01:44:27 2019
Search term used: "     " Time covered: 1950 to 2019. Type of search: "  "
Sun Aug 18 17:11:02 2019
Search term used: "     " . Country searched: .
gfound: 0.
Sun Aug 18 23:56:41 2019
Search term used: "     " ifound: 0.
Tue Aug 20 05:24:04 2019
Search term used: "     " ofound: 0.
Tue Aug 20 18:15:52 2019
Search term used: "     " ofound: 0.
Thu Aug 22 02:53:57 2019
Search term used: "     " ifound: 0.
Fri Aug 23 04:37:39 2019
Search term used: "     " Time covered: 1950 to 2019. Type of search: "  "
Fri Aug 23 09:28:33 2019
Search term used: " Ostwald    " ffound: 3.
Fri Aug 23 18:16:30 2019
Search term used: "     " Time covered: 1950 to 2019. Type of search: "  "
Mon Aug 26 13:26:02 2019
Search term used: " modeling    " ffound: 5.
Mon Aug 26 16:31:18 2019
Search term used: " modeling    " ffound: 5.
Mon Aug 26 16:32:19 2019
Search term used: " modeling    " ifound: 4.
Mon Aug 26 16:33:13 2019
Search term used: " Modeling    " ifound: 4.
Mon Aug 26 16:33:30 2019
Search term used: " Modeling    " ffound: 5.
Mon Aug 26 16:33:44 2019
Search term used: " Modeling    " Time covered: 1950 to 2019. Type of search: " omit "
cfound = 109.
Tue Aug 27 23:47:44 2019
Search term used: " history    " ffound: 9.
Tue Aug 27 23:47:48 2019
Search term used: "     " ffound: 0.
Tue Aug 27 23:47:51 2019
Search term used: "     " ffound: 0.
Wed Aug 28 00:57:13 2019
Search term used: "     " ffound: 0.
Wed Aug 28 06:13:34 2019
Search term used: "     " . Country searched: .
gfound: 0.
Fri Aug 30 19:57:27 2019
Search term used: "     " ifound: 0.
Sat Aug 31 20:51:35 2019
Search term used: "     " Time covered: 1950 to 2019. Type of search: "  "
