Fri Dec  4 09:29:03 2015
Search term used: " jouikov    " . Country searched: all.
gfound: 0.
Fri Dec  4 09:29:14 2015
Search term used: " jouikov    " . Country searched: FRANCE.
gfound: 0.
Fri Dec  4 09:30:51 2015
Search term used: " lithium graphite   " ffound: 0.
Fri Dec  4 13:57:28 2015
Search term used: " prop    " ifound: 3.
Fri Dec  4 13:58:13 2015
Search term used: " probe    " ifound: 0.
Fri Dec  4 13:58:31 2015
Search term used: " term of probe  " ifound: 0.
Thu Dec 10 22:59:26 2015
Search term used: " Battery    " Time covered: 1950 to 2015. Type of search: " omit "
cfound = 138.
Wed Dec 16 12:15:16 2015
Search term used: " electron    " ifound: 10.
Wed Dec 16 12:30:18 2015
Search term used: " neutron    " ffound: 3.
Wed Dec 16 12:34:04 2015
Search term used: " electron    " AND " neutron    "
ffound: 3.
