Mon Jul  1 10:13:13 2019
Search term used: " Li-ion    " ffound: 3.
Fri Jul  5 22:44:38 2019
Search term used: "     " . Country searched: .
gfound: 0.
Tue Jul  9 17:53:44 2019
Search term used: "     " . Country searched: .
gfound: 0.
Wed Jul 10 01:07:06 2019
Search term used: "     " ifound: 0.
Thu Jul 11 07:25:18 2019
Search term used: "     " ofound: 0.
Fri Jul 12 11:18:19 2019
Search term used: "     " ffound: 0.
Fri Jul 12 11:18:21 2019
Search term used: "     " . Country searched: .
gfound: 0.
Fri Jul 12 11:37:32 2019
Search term used: "     " Time covered: 1950 to 2019. Type of search: "  "
Fri Jul 12 11:37:32 2019
Search term used: "     " ifound: 0.
Fri Jul 12 11:37:33 2019
Search term used: "     " ofound: 0.
Fri Jul 12 14:24:17 2019
Search term used: "     " ifound: 0.
Mon Jul 15 18:20:10 2019
Search term used: "     " Time covered: 1950 to 2019. Type of search: "  "
Thu Jul 18 20:20:52 2019
Search term used: "     " . Country searched: .
gfound: 0.
Fri Jul 19 07:11:23 2019
Search term used: "     " ifound: 0.
Sun Jul 21 13:06:53 2019
Search term used: "     " ofound: 0.
Mon Jul 22 10:36:49 2019
Search term used: "     " ofound: 0.
Fri Jul 26 17:30:03 2019
Search term used: "     " . Country searched: .
gfound: 0.
Sat Jul 27 01:01:48 2019
Search term used: "     " ifound: 0.
Tue Jul 30 07:46:51 2019
Search term used: "     " . Country searched: .
gfound: 0.
Wed Jul 31 12:30:12 2019
Search term used: "     " ifound: 0.
