Wed Oct  1 18:42:37 2014
Search term used: " copper    " ofound: 24.
Wed Oct  1 19:06:33 2014
Search term used: " copper    " ifound: 2.
Wed Oct  1 19:46:02 2014
Search term used: " copper    " ofound: 24.
Wed Oct  1 19:46:32 2014
Search term used: " copper    " ofound: 24.
Wed Oct  1 20:20:51 2014
Search term used: " copper    " ofound: 24.
Wed Oct  1 21:38:49 2014
Search term used: " copper    " . Country searched: all.
gfound: 16.
Wed Oct  1 21:43:28 2014
Search term used: " zinc    " . Country searched: all.
gfound: 9.
Wed Oct  1 22:27:06 2014
Search term used: " kinetics    " . Country searched: all.
gfound: 69.
Wed Oct  1 22:27:18 2014
Search term used: "     " . Country searched: UNITED STATES OF AMERICA.
gfound: 0.
Wed Oct  1 22:27:36 2014
Search term used: " kinetics    " . Country searched: UNITED STATES OF AMERICA.
gfound: 19.
Wed Oct  1 22:30:13 2014
Search term used: " copper    " . Country searched: all.
gfound: 16.
Sat Oct  4 16:20:33 2014
Search term used: " copper    " Time covered: 1950 to 2014. Type of search: " omit "
bfound = 5.
Sat Oct  4 16:20:48 2014
Search term used: " copper    " Time covered: 1950 to 2014. Type of search: " omit "
bfound = 5.
cfound = 57.
pfound = 6.
Sat Oct  4 16:21:08 2014
Search term used: " copper    " Time covered: 1970 to 2000. Type of search: " omit "
bfound = 2.
cfound = 18.
pfound = 4.
Sat Oct  4 16:29:59 2014
Search term used: " tin    " ofound: 168.
Sat Oct  4 16:30:49 2014
Search term used: " for    " ifound: 117.
Sat Oct  4 16:42:16 2014
Search term used: " copper    " ifound: 2.
Sat Oct  4 17:37:26 2014
Search term used: " copper    " ifound: 2.
Sat Oct  4 17:42:08 2014
Search term used: " copper    " ifound: 2.
Sat Oct  4 17:44:31 2014
Search term used: " copper    " ifound: 2.
Sat Oct  4 17:46:14 2014
Search term used: " copper    " ofound: 24.
Sat Oct  4 17:49:29 2014
Search term used: " copper    " ofound: 24.
Sat Oct  4 17:54:39 2014
Search term used: " copper    " Time covered: 1950 to 2014. Type of search: " omit "
bfound = 5.
Sat Oct  4 17:59:29 2014
Search term used: " copper    " Time covered: 1965 to 2014. Type of search: " omit "
bfound = 5.
cfound = 55.
pfound = 6.
Sat Oct  4 18:01:42 2014
Search term used: " kinetics    " . Country searched: all.
gfound: 69.
Sat Oct  4 18:05:34 2014
Search term used: " copper    " . Country searched: BELARUS.
gfound: 0.
Sat Oct  4 18:07:14 2014
Search term used: " copper    " Time covered: 1950 to 2014. Type of search: " omit "
bfound = 5.
Tue Oct  7 08:39:35 2014
Search term used: " copper    " . Country searched: all.
gfound: 16.
Tue Oct  7 10:17:40 2014
Search term used: "     " ffound: 0.
Tue Oct  7 10:17:54 2014
Search term used: " chemical    " ffound: 14.
Tue Oct  7 10:18:40 2014
Search term used: " chemical    " Time covered: 1950 to 2014. Type of search: " omit "
bfound = 329.
Wed Oct  8 10:22:29 2014
Search term used: " copper    " ffound: 9.
Wed Oct  8 10:24:19 2014
Search term used: " iron    " ffound: 11.
Wed Oct  8 10:33:35 2014
Search term used: " copper    " ffound: 9.
Wed Oct  8 10:38:06 2014
Search term used: " copper    " ffound: 9.
Wed Oct  8 10:55:06 2014
Search term used: " copper    " ffound: 9.
Wed Oct  8 11:02:37 2014
Search term used: " copper    " ffound: 9.
Wed Oct  8 11:03:37 2014
Search term used: " copper    " ffound: 9.
Wed Oct  8 11:12:07 2014
Search term used: " copper    " ffound: 9.
Wed Oct  8 11:15:26 2014
Search term used: " copper    " ffound: 9.
Wed Oct  8 11:57:07 2014
Search term used: " and    " AND " cene    "
Time covered: 1950 to 2014. Type of search: " omit "
bfound = 0.
Wed Oct  8 11:57:28 2014
Search term used: " cene    " Time covered: 1950 to 2014. Type of search: " omit "
bfound = 0.
Wed Oct  8 11:58:17 2014
Search term used: " ntab    " Time covered: 1950 to 2014. Type of search: " omit "
bfound = 2.
Wed Oct  8 12:03:37 2014
Search term used: " cene    " Time covered: 1950 to 2014. Type of search: " omit "
cfound = 11.
Wed Oct  8 12:04:11 2014
Search term used: " ntab    " ffound: 4.
Wed Oct  8 12:04:50 2014
Search term used: " ntab    " Time covered: 1950 to 2014. Type of search: " omit "
cfound = 33.
Wed Oct  8 12:05:11 2014
Search term used: " ntab    " Time covered: 1950 to 2014. Type of search: " no_omit "
cfound = 17.
Wed Oct  8 12:08:29 2014
Search term used: " cene    " Time covered: 1950 to 2014. Type of search: " no_omit "
cfound = 11.
Wed Oct  8 12:09:16 2014
Search term used: " elcm    " Time covered: 1950 to 2014. Type of search: " no_omit "
cfound = 8.
Wed Oct  8 12:11:58 2014
Search term used: "     " Time covered: 1950 to 2014. Type of search: " omit "
cfound = 0.
Wed Oct  8 12:12:11 2014
Search term used: " hbre    " Time covered: 1950 to 2014. Type of search: " omit "
cfound = 15.
Wed Oct  8 12:13:07 2014
Search term used: " ecfc    " Time covered: 1950 to 2014. Type of search: " omit "
cfound = 24.
Wed Oct  8 15:38:08 2014
Search term used: " emtp    " Time covered: 1950 to 2014. Type of search: " omit "
cfound = 18.
Wed Oct  8 15:56:40 2014
Search term used: " mebs    " Time covered: 1950 to 2014. Type of search: " omit "
cfound = 11.
Wed Oct  8 15:57:55 2014
Search term used: " chre    " Time covered: 1950 to 2014. Type of search: " omit "
cfound = 137.
Wed Oct  8 15:58:17 2014
Search term used: " chre    " AND " 2013    "
Time covered: 1950 to 2014. Type of search: " omit "
cfound = 3.
Wed Oct  8 16:02:22 2014
Search term used: " chre    " AND " 2014    "
Time covered: 1950 to 2014. Type of search: " omit "
cfound = 0.
Wed Oct  8 16:02:40 2014
Search term used: " chre    " AND " 2013    "
Time covered: 1950 to 2014. Type of search: " omit "
cfound = 3.
Wed Oct  8 16:02:52 2014
Search term used: " chre    " AND " 2014    "
Time covered: 1950 to 2014. Type of search: " omit "
cfound = 0.
Wed Oct  8 16:03:02 2014
Search term used: " chre    " AND " 2012    "
Time covered: 1950 to 2014. Type of search: " omit "
cfound = 6.
Wed Oct  8 16:03:21 2014
Search term used: " chre    " AND " 2013    "
Time covered: 1950 to 2014. Type of search: " omit "
cfound = 3.
Wed Oct  8 16:04:28 2014
Search term used: " chre    " NOT " cmec    "
Time covered: 2013 to 2014. Type of search: " omit "
cfound = 3.
Wed Oct  8 16:07:31 2014
Search term used: " chre    " Time covered: 2013 to 2014. Type of search: " no_omit "
cfound = 2.
Wed Oct  8 16:08:07 2014
Search term used: " prms    " Time covered: 1950 to 2014. Type of search: " no_omit "
cfound = 8.
Wed Oct  8 16:08:40 2014
Search term used: " prms    " Time covered: 2013 to 2014. Type of search: " no_omit "
cfound = 1.
Wed Oct  8 16:10:39 2014
Search term used: " crsm    " Time covered: 1950 to 2014. Type of search: " omit "
cfound = 10.
Wed Oct  8 16:11:18 2014
Search term used: " crsm    " Time covered: 2013 to 2014. Type of search: " omit "
cfound = 1.
Wed Oct  8 16:11:54 2014
Search term used: " ache    " Time covered: 1950 to 2014. Type of search: " omit "
cfound = 61.
Wed Oct  8 16:12:04 2014
Search term used: " ache    " Time covered: 1950 to 2014. Type of search: " no_omit "
cfound = 8.
Wed Oct  8 16:12:32 2014
Search term used: " ache    " Time covered: 2012 to 2014. Type of search: " no_omit "
cfound = 7.
Wed Oct  8 16:13:49 2014
Search term used: " lbat    " Time covered: 1950 to 2014. Type of search: " no_omit "
cfound = 16.
Wed Oct  8 16:17:26 2014
Search term used: " aubi    " Time covered: 1950 to 2014. Type of search: " no_omit "
cfound = 0.
Wed Oct  8 16:17:36 2014
Search term used: " aubt    " Time covered: 1950 to 2014. Type of search: " no_omit "
cfound = 7.
Wed Oct  8 16:20:29 2014
Search term used: " meac    " AND " V.57    "
Time covered: 1950 to 2014. Type of search: " no_omit "
cfound = 0.
Wed Oct  8 16:20:48 2014
Search term used: " meac    " AND " V 57   "
Time covered: 1950 to 2014. Type of search: " no_omit "
cfound = 0.
Wed Oct  8 16:21:07 2014
Search term used: " maec    " AND " V 57   "
Time covered: 1950 to 2014. Type of search: " no_omit "
cfound = 7.
Wed Oct  8 16:21:58 2014
Search term used: " maec    " AND " V 58   "
Time covered: 1950 to 2014. Type of search: " no_omit "
cfound = 10.
Wed Oct  8 16:22:50 2014
Search term used: " pedm    " Time covered: 1950 to 2014. Type of search: " no_omit "
cfound = 27.
Wed Oct  8 16:30:12 2014
Search term used: " lbat    " Time covered: 1950 to 2014. Type of search: " no_omit "
cfound = 16.
Wed Oct  8 16:31:05 2014
Search term used: " aubt    " Time covered: 1950 to 2014. Type of search: " no_omit "
cfound = 7.
Wed Oct  8 18:34:16 2014
Search term used: " lbat    " Time covered: 1950 to 2014. Type of search: " no_omit "
pfound = 0.
Wed Oct  8 18:34:49 2014
Search term used: " lbat    " Time covered: 1950 to 2014. Type of search: " no_omit "
cfound = 16.
Wed Oct  8 18:35:37 2014
Search term used: " prms    " Time covered: 1950 to 2014. Type of search: " no_omit "
cfound = 8.
Wed Oct  8 18:35:58 2014
Search term used: " prms    " Time covered: 2013 to 2014. Type of search: " no_omit "
cfound = 1.
Wed Oct  8 18:36:14 2014
Search term used: " prms    " Time covered: 2013 to 2014. Type of search: " no_omit "
cfound = 1.
Wed Oct  8 18:36:53 2014
Search term used: " emtp    " Time covered: 2013 to 2014. Type of search: " no_omit "
cfound = 18.
Wed Oct  8 18:37:44 2014
Search term used: " ecfc    " Time covered: 2013 to 2014. Type of search: " no_omit "
cfound = 24.
Wed Oct  8 18:39:03 2014
Search term used: " hbre    " Time covered: 2013 to 2014. Type of search: " no_omit "
cfound = 15.
Wed Oct  8 18:39:44 2014
Search term used: " elcm    " Time covered: 2013 to 2014. Type of search: " no_omit "
cfound = 8.
Wed Oct  8 18:40:16 2014
Search term used: " elcm    " Time covered: 2013 to 2014. Type of search: " no_omit "
cfound = 8.
Wed Oct  8 18:42:17 2014
Search term used: " ntab    " Time covered: 2013 to 2014. Type of search: " no_omit "
cfound = 17.
Wed Oct  8 18:55:59 2014
Search term used: " copper    " Time covered: 1950 to 2014. Type of search: " omit "
cfound = 57.
Wed Oct  8 18:59:31 2014
Search term used: " copper    " Time covered: 1950 to 2014. Type of search: " omit "
cfound = 57.
Wed Oct  8 21:34:57 2014
Search term used: "     " AND " copper    "
Time covered: 1950 to 2014. Type of search: " omit "
bfound = 0.
cfound = 0.
pfound = 0.
Wed Oct  8 21:35:13 2014
Search term used: " copper    " Time covered: 1950 to 2014. Type of search: " omit "
bfound = 5.
cfound = 57.
pfound = 6.
Wed Oct  8 22:52:51 2014
Search term used: " colloid    " . Country searched: all.
gfound: 8.
Thu Oct  9 09:28:22 2014
Search term used: " copper    " ifound: 2.
Thu Oct  9 09:28:32 2014
Search term used: " copper    " ifound: 2.
Thu Oct  9 09:28:40 2014
Search term used: " copper    " ifound: 2.
Thu Oct  9 09:30:27 2014
Search term used: " copper    " Time covered: 1950 to 2014. Type of search: " omit "
cfound = 57.
Thu Oct  9 09:31:06 2014
Search term used: "     " AND " copper    ". Country searched: all.  
gfound: 0.
Thu Oct  9 09:31:41 2014
Search term used: " copper    " ofound: 24.
Thu Oct  9 09:32:10 2014
Search term used: " iron    " Time covered: 1950 to 2014. Type of search: " omit "
pfound = 28.
Thu Oct  9 09:32:32 2014
Search term used: " dodo    " Time covered: 1950 to 2014. Type of search: " omit "
bfound = 0.
Thu Oct  9 09:33:03 2014
Search term used: " iron    " ofound: 2.
Thu Oct  9 18:26:23 2014
Search term used: " copper    " Time covered: 1950 to 2014. Type of search: " omit "
pfound = 6.
Sun Oct 12 16:29:14 2014
Search term used: "     " ffound: 0.
Sun Oct 12 16:29:15 2014
Search term used: "     " . Country searched: .
gfound: 0.
Sun Oct 12 16:29:56 2014
Search term used: "     " ifound: 0.
Sun Oct 12 16:29:58 2014
Search term used: "     " Time covered: 1950 to 2014. Type of search: "  "
Sun Oct 12 16:30:03 2014
Search term used: "     " ofound: 0.
Mon Oct 13 15:05:35 2014
Search term used: " arch    " Time covered: 2011 to 2013. Type of search: " omit "
cfound = 17.
Mon Oct 13 15:06:16 2014
Search term used: " arch    " Time covered: 2011 to 2013. Type of search: " no_omit "
cfound = 6.
Mon Oct 13 15:09:25 2014
Search term used: " care    " Time covered: 2013 to 2013. Type of search: " no_omit "
cfound = 1.
Mon Oct 13 15:10:18 2014
Search term used: " hre    " Time covered: 2013 to 2013. Type of search: " no_omit "
cfound = 0.
Mon Oct 13 15:10:27 2014
Search term used: " chre    " Time covered: 2013 to 2013. Type of search: " no_omit "
cfound = 9.
Mon Oct 13 15:11:38 2014
Search term used: " prms    " Time covered: 2013 to 2013. Type of search: " no_omit "
cfound = 2.
Mon Oct 13 15:12:12 2014
Search term used: " prrk    " Time covered: 2013 to 2013. Type of search: " no_omit "
cfound = 3.
Mon Oct 13 15:12:52 2014
Search term used: " rach    " Time covered: 2013 to 2013. Type of search: " no_omit "
cfound = 5.
Mon Oct 13 15:22:14 2014
Search term used: " rach    " Time covered: 2013 to 2013. Type of search: " no_omit "
cfound = 5.
Mon Oct 13 15:22:56 2014
Search term used: " chre    " Time covered: 2013 to 2013. Type of search: " no_omit "
cfound = 9.
Tue Oct 21 06:21:01 2014
Search term used: " T. Otagawa,   " Time covered: 1950 to 2014. Type of search: " omit "
pfound = 0.
Wed Oct 22 12:17:17 2014
Search term used: " C.Wagner and A.Werner  " Time covered: 1950 to 2014. Type of search: " omit "
cfound = 0.
Thu Oct 23 07:23:36 2014
Search term used: " wagner    " Time covered: 1950 to 2014. Type of search: " omit "
pfound = 3.
Thu Oct 23 10:25:50 2014
Search term used: "     " . Country searched: KOREA.
gfound: 0.
Sat Oct 25 09:21:00 2014
Search term used: "     " Time covered: 1950 to 2014. Type of search: " no_omit "
bfound = 0.
Sat Oct 25 09:21:09 2014
Search term used: "     " Time covered: 1950 to 2014. Type of search: " no_omit "
bfound = 0.
cfound = 0.
pfound = 0.
Sat Oct 25 09:21:21 2014
Search term used: " leddy    " Time covered: 1950 to 2014. Type of search: " no_omit "
bfound = 3.
cfound = 5.
pfound = 4.
Sat Oct 25 16:28:23 2014
Search term used: " espr    " Time covered: 1950 to 2014. Type of search: " no_omit "
cfound = 69.
Sat Oct 25 16:28:45 2014
Search term used: " espr    " Time covered: 2013 to 2013. Type of search: " no_omit "
cfound = 0.
Sat Oct 25 16:29:21 2014
Search term used: " pws    " Time covered: 2013 to 2013. Type of search: " no_omit "
cfound = 0.
Sat Oct 25 16:29:30 2014
Search term used: " pews    " Time covered: 2013 to 2013. Type of search: " no_omit "
cfound = 16.
Sat Oct 25 16:34:05 2014
Search term used: " espr    " Time covered: 2013 to 2013. Type of search: " no_omit "
cfound = 0.
Sat Oct 25 16:34:39 2014
Search term used: " espr    " Time covered: 2014 to 2014. Type of search: " no_omit "
cfound = 10.
Sat Oct 25 16:37:41 2014
Search term used: " pews    " Time covered: 2013 to 2013. Type of search: " no_omit "
cfound = 16.
Tue Oct 28 15:54:06 2014
Search term used: " copper    " Time covered: 1950 to 2014. Type of search: " omit "
bfound = 5.
