Tue Oct  3 07:49:49 2017
Search term used: "     " Time covered: 1950 to 2017. Type of search: " omit "
pfound = 0.
Wed Oct  4 17:58:48 2017
Search term used: "     " . Country searched: .
gfound: 0.
Wed Oct  4 18:06:06 2017
Search term used: "     " ofound: 0.
Thu Oct  5 02:06:00 2017
Search term used: " Eveready battery applications and " Time covered: 1950 to 2017. Type of search: " omit "
bfound = 0.
Thu Oct  5 02:06:26 2017
Search term used: " Eveready battery applications and " AND " Eveready battery applications and "
Time covered: 1950 to 2017. Type of search: " omit "
bfound = 0.
Thu Oct  5 02:06:59 2017
Search term used: " Eveready battery   " Time covered: 1950 to 2017. Type of search: " omit "
bfound = 0.
Thu Oct  5 02:08:00 2017
Search term used: "     " AND " Eveready battery applications and "
Time covered: 1960 to 1979. Type of search: " omit "
bfound = 0.
Mon Oct  9 21:38:47 2017
Search term used: "     " Time covered: 1950 to 2017. Type of search: "  "
Mon Oct  9 21:40:13 2017
Search term used: "     " ifound: 0.
Sat Oct 21 12:52:58 2017
Search term used: "     " ofound: 0.
Sat Oct 21 12:56:32 2017
Search term used: "     " . Country searched: .
gfound: 0.
Thu Oct 26 16:21:42 2017
Search term used: "     " Time covered: 1950 to 2017. Type of search: "  "
Thu Oct 26 16:24:03 2017
Search term used: "     " ifound: 0.
Mon Oct 30 11:18:12 2017
Search term used: " metal coating   " ifound: 0.
Mon Oct 30 11:18:33 2017
Search term used: " coating    " ifound: 2.
