Fri May  5 04:34:30 2017
Search term used: "     " ofound: 0.
Fri May  5 04:37:07 2017
Search term used: "     " . Country searched: .
gfound: 0.
Tue May  9 16:16:12 2017
Search term used: "     " Time covered: 1950 to 2017. Type of search: "  "
Fri May 19 06:44:19 2017
Search term used: " scale-up    " Exact search. (No "wildcards" as leading or trailing characters.)
ffound: 1.
Fri May 19 06:44:52 2017
Search term used: " scale-up    " ffound: 1.
Fri May 19 06:45:57 2017
Search term used: "     " ffound: 0.
Fri May 19 06:47:19 2017
Search term used: " mass transfer coefficient  " ffound: 0.
Fri May 19 06:47:33 2017
Search term used: " scale-up    " ffound: 1.
Fri May 19 06:48:30 2017
Search term used: " scale-up    " Time covered: 1950 to 2017. Type of search: " omit "
cfound = 4.
Fri May 19 06:48:56 2017
Search term used: "     " Time covered: 1950 to 2017. Type of search: "  "
Fri May 19 06:50:27 2017
Search term used: "     " Time covered: 1950 to 2017. Type of search: "  "
Fri May 19 06:51:32 2017
Search term used: "     " Time covered: 1950 to 2017. Type of search: "  "
Fri May 19 06:51:33 2017
Search term used: "     " Time covered: 1950 to 2017. Type of search: "  "
Fri May 19 06:51:33 2017
Search term used: "     " Time covered: 1950 to 2017. Type of search: "  "
Sat May 20 17:25:58 2017
Search term used: "     " . Country searched: .
gfound: 0.
Sat May 20 17:26:55 2017
Search term used: "     " ofound: 0.
Fri May 26 10:38:59 2017
Search term used: "     " Time covered: 1950 to 2017. Type of search: "  "
