Sun May  3 12:23:28 2015
Search term used: " 59352    " ifound: 0.
Sun May  3 12:25:39 2015
Search term used: " The Use of EDTA " ifound: 0.
Sat May  9 10:23:40 2015
Search term used: " forster    " ffound: 3.
Sat May  9 10:49:39 2015
Search term used: " electropolishing    " ffound: 5.
Sat May  9 10:50:57 2015
Search term used: " electropolishing    " ifound: 2.
Wed May 13 11:59:26 2015
Search term used: " lithium sulfur batteries  " ffound: 0.
Wed May 20 14:17:15 2015
Search term used: " "fuel cell"   " ffound: 0.
Wed May 20 14:17:33 2015
Search term used: " fuel cell   " ffound: 10.
Fri May 29 02:19:34 2015
Search term used: " bioelectro    " ffound: 10.
Sun May 31 20:39:53 2015
Search term used: "     " . Country searched: INDIA.
gfound: 0.
Sun May 31 20:40:05 2015
Search term used: "     " . Country searched: UNITED STATES OF AMERICA.
gfound: 0.
