Sun Mar  1 14:39:06 2015
Search term used: " baker    " ifound: 1.
Mon Mar  9 14:40:47 2015
Search term used: "     " AND " semiconductor    "
Time covered: 1950 to 2015. Type of search: " omit "
cfound = 0.
Thu Mar 12 08:21:12 2015
Search term used: " equipment    " ffound: 7.
Sat Mar 14 04:37:52 2015
Search term used: " o-toluensulfonamid    " AND " anodic oxidation   "
Time covered: 1950 to 2014. Type of search: " omit "
bfound = 0.
cfound = 0.
pfound = 0.
Sat Mar 14 04:39:17 2015
Search term used: " saccharin    " AND " anodic oxidation   "
Time covered: 1950 to 2014. Type of search: " omit "
bfound = 0.
cfound = 0.
pfound = 0.
Sat Mar 14 04:39:33 2015
Search term used: " saccharin    " Time covered: 1950 to 2014. Type of search: " omit "
bfound = 0.
cfound = 0.
pfound = 0.
Sat Mar 14 04:41:06 2015
Search term used: " oxidation    " AND " anodic    "
Time covered: 1950 to 2015. Type of search: " omit "
bfound = 5.
Sat Mar 14 04:43:46 2015
Search term used: " saccharin    " AND " fron anodic oxidation  "
Time covered: 1950 to 2015. Type of search: " omit "
bfound = 0.
Sat Mar 14 04:44:22 2015
Search term used: " saccharin    " AND " fron anodic oxidation  "
Time covered: 1950 to 2014. Type of search: " omit "
bfound = 0.
cfound = 0.
pfound = 0.
Sun Mar 15 00:37:55 2015
Search term used: "     " ffound: 0.
Thu Mar 19 19:36:45 2015
Search term used: " Cairns    " . Country searched: all.
gfound: 0.
Thu Mar 19 19:44:23 2015
Search term used: " Cairns    " . Country searched: all.
Exact search. (No "wildcards" as leading or trailing characters.)
gfound: 0.
Thu Mar 19 19:45:07 2015
Search term used: " Cairns    " . Country searched: UNITED STATES OF AMERICA.
Exact search. (No "wildcards" as leading or trailing characters.)
gfound: 0.
Thu Mar 19 19:45:31 2015
Search term used: " Newman    " . Country searched: all.
Exact search. (No "wildcards" as leading or trailing characters.)
gfound: 0.
Thu Mar 19 19:46:58 2015
Search term used: " Berkeley    " . Country searched: all.
gfound: 0.
Mon Mar 23 03:20:38 2015
Search term used: " titanium dioxide Uv  " ffound: 0.
Mon Mar 23 03:20:54 2015
Search term used: " titanium dioxide   " AND " UV Light   "
ffound: 0.
Mon Mar 23 03:21:06 2015
Search term used: " titanium dioxide   " ffound: 2.
Thu Mar 26 12:18:59 2015
Search term used: " Levich    " ffound: 3.
Mon Mar 30 15:59:30 2015
Search term used: " pourbaix    " ffound: 7.
