Thu Dec  1 08:52:51 2016
Search term used: "     " ffound: 0.
Sun Dec  4 06:49:02 2016
Search term used: " Pb    " ifound: 1.
Mon Dec  5 23:58:36 2016
Search term used: " Resistance    " AND " ions    "
ffound: 6.
Wed Dec  7 11:10:11 2016
Search term used: " impedance spectroscopy   " Time covered: 1950 to 2016. Type of search: " omit "
cfound = 36.
Wed Dec  7 11:14:41 2016
Search term used: " corrosion    " Time covered: 1950 to 2016. Type of search: " omit "
cfound = 162.
Wed Dec  7 11:15:18 2016
Search term used: "     " Time covered: 1950 to 2016. Type of search: "  "
Thu Dec  8 08:38:36 2016
Search term used: " electrochemistry    " Time covered: 1950 to 2016. Type of search: " omit "
bfound = 412.
Thu Dec  8 08:39:25 2016
Search term used: " silicon    " Time covered: 1950 to 2016. Type of search: " omit "
bfound = 3.
Thu Dec  8 08:44:01 2016
Search term used: " silicon batteries   " Time covered: 1950 to 2016. Type of search: " omit "
bfound = 0.
Thu Dec  8 08:44:08 2016
Search term used: " silicon battery   " Time covered: 1950 to 2016. Type of search: " omit "
bfound = 0.
Thu Dec  8 08:44:20 2016
Search term used: " silicon anode   " Time covered: 1950 to 2016. Type of search: " omit "
bfound = 0.
Wed Dec 14 15:04:47 2016
Search term used: "     " Time covered: 1950 to 2016. Type of search: "  "
Thu Dec 15 18:33:33 2016
Search term used: " microelectrode    " ffound: 9.
Fri Dec 16 10:03:41 2016
Search term used: "     " ffound: 0.
Fri Dec 16 11:52:51 2016
Search term used: "     " ifound: 0.
Fri Dec 16 11:52:51 2016
Search term used: "     " . Country searched: .
gfound: 0.
Fri Dec 16 11:52:51 2016
Search term used: "     " Time covered: 1950 to 2016. Type of search: "  "
Fri Dec 16 11:53:04 2016
Search term used: "     " ofound: 0.
Sun Dec 18 12:06:08 2016
Search term used: "     " Time covered: 1950 to 2016. Type of search: "  "
Tue Dec 20 11:58:10 2016
Search term used: " Aluminum Zinc eletrochemical couple " ffound: 0.
Tue Dec 20 11:58:37 2016
Search term used: " Aluminum    " AND " Zinc    "
ffound: 7.
Wed Dec 21 17:03:04 2016
Search term used: " ferrocene    " ffound: 1.
Wed Dec 21 17:03:24 2016
Search term used: " ferrocene    " Time covered: 1950 to 2016. Type of search: " omit "
bfound = 0.
Wed Dec 28 09:20:11 2016
Search term used: " Fuoss and Onsager  " Time covered: 1950 to 2016. Type of search: " omit "
cfound = 0.
Wed Dec 28 09:20:41 2016
Search term used: " Fuoss    " AND " onsager    "
Time covered: 1950 to 2016. Type of search: " omit "
cfound = 0.
Wed Dec 28 09:20:51 2016
Search term used: " onsager    " Time covered: 1950 to 2016. Type of search: " omit "
cfound = 0.
