Mon Oct  1 16:16:30 2018
Search term used: " bipolar    " ifound: 2.
Mon Oct  1 16:16:38 2018
Search term used: " Ebrqahimi    " ifound: 0.
Mon Oct  1 16:16:47 2018
Search term used: " Ebrahimi    " ifound: 0.
Tue Oct  2 03:09:44 2018
Search term used: "     " ifound: 0.
Tue Oct  2 21:18:14 2018
Search term used: "     " Time covered: 1950 to 2018. Type of search: "  "
Thu Oct  4 12:24:48 2018
Search term used: "     " Time covered: 1950 to 2018. Type of search: "  "
Sat Oct  6 10:22:40 2018
Search term used: "     " . Country searched: .
gfound: 0.
Mon Oct  8 01:40:09 2018
Search term used: "     " . Country searched: .
gfound: 0.
Mon Oct  8 06:18:11 2018
Search term used: "     " ifound: 0.
Mon Oct  8 09:12:29 2018
Search term used: "     " ifound: 0.
Tue Oct  9 07:17:26 2018
Search term used: "     " Time covered: 1950 to 2018. Type of search: "  "
Tue Oct  9 08:16:41 2018
Search term used: "     " ofound: 0.
Tue Oct  9 18:12:37 2018
Search term used: "     " ofound: 0.
Sun Oct 14 09:27:14 2018
Search term used: "     " . Country searched: .
gfound: 0.
Sun Oct 14 14:52:53 2018
Search term used: "     " ifound: 0.
Sun Oct 14 18:01:15 2018
Search term used: "     " ifound: 0.
Sat Oct 20 11:37:18 2018
Search term used: " acoustic    " ffound: 4.
Sat Oct 20 11:39:31 2018
Search term used: " ultrasound    " ffound: 4.
Sun Oct 21 01:22:36 2018
Search term used: "     " . Country searched: .
gfound: 0.
Sun Oct 21 06:01:19 2018
Search term used: "     " ifound: 0.
Sun Oct 21 08:21:37 2018
Search term used: "     " ifound: 0.
Mon Oct 22 07:36:38 2018
Search term used: "     " Time covered: 1950 to 2018. Type of search: "  "
Mon Oct 22 08:15:23 2018
Search term used: "     " ofound: 0.
Mon Oct 22 19:58:11 2018
Search term used: "     " ofound: 0.
Thu Oct 25 07:38:45 2018
Search term used: "     " ifound: 0.
Thu Oct 25 08:46:09 2018
Search term used: "     " ifound: 0.
Fri Oct 26 22:25:49 2018
Search term used: "     " ifound: 0.
Fri Oct 26 22:56:05 2018
Search term used: "     " ifound: 0.
Sun Oct 28 01:20:38 2018
Search term used: "     " ifound: 0.
Sun Oct 28 07:01:54 2018
Search term used: "     " ofound: 0.
Wed Oct 31 03:18:35 2018
Search term used: "     " ifound: 0.
Wed Oct 31 11:14:19 2018
Search term used: "     " ofound: 0.
