Fri Feb  1 00:06:30 2019
Search term used: "     " ifound: 0.
Sat Feb  2 01:43:44 2019
Search term used: "     " Time covered: 1950 to 2019. Type of search: "  "
Sun Feb  3 02:30:57 2019
Search term used: "     " ifound: 0.
Tue Feb  5 17:37:17 2019
Search term used: "     " ffound: 0.
Tue Feb  5 17:43:00 2019
Search term used: "     " ofound: 0.
Wed Feb  6 04:38:44 2019
Search term used: "     " ofound: 0.
Wed Feb  6 10:11:29 2019
Search term used: " ultracapacitor    " ffound: 4.
Wed Feb  6 10:11:38 2019
Search term used: " EDLC    " ffound: 3.
Wed Feb  6 21:23:52 2019
Search term used: "     " . Country searched: .
gfound: 0.
Sun Feb 17 13:10:47 2019
Search term used: "     " . Country searched: .
gfound: 0.
Mon Feb 18 12:48:28 2019
Search term used: " pumps    " ffound: 1.
Tue Feb 19 01:10:37 2019
Search term used: " glycine diffusion officiant  " ffound: 0.
Tue Feb 19 05:06:50 2019
Search term used: " bussert    " Time covered: 1950 to 2019. Type of search: " no_omit "
bfound = 0.
Thu Feb 21 13:37:00 2019
Search term used: " water electrolysis   " ffound: 6.
Thu Feb 21 13:38:29 2019
Search term used: " water electrolysis   " AND " Institute of chemical Technology "
ffound: 1.
Thu Feb 21 16:53:46 2019
Search term used: "     " . Country searched: .
gfound: 0.
Fri Feb 22 05:31:11 2019
Search term used: " HPLC    " ffound: 3.
Fri Feb 22 05:32:03 2019
Search term used: " HPLC    " Time covered: 1950 to 2019. Type of search: " omit "
cfound = 9.
Sat Feb 23 21:43:10 2019
Search term used: "     " . Country searched: .
gfound: 0.
Sun Feb 24 07:47:22 2019
Search term used: "     " ifound: 0.
Tue Feb 26 11:29:46 2019
Search term used: "     " ofound: 0.
Thu Feb 28 18:05:06 2019
Search term used: " Lion    " AND " explosion    "
ffound: 0.
Thu Feb 28 18:05:23 2019
Search term used: " Lion    " AND " failure    "
ffound: 4.
Thu Feb 28 18:06:17 2019
Search term used: " "LIon Battery"   " AND " failure    "
ffound: 0.
Thu Feb 28 18:06:34 2019
Search term used: " "LIon Battery"   " AND " spontaneous    "
ffound: 0.
Thu Feb 28 18:06:47 2019
Search term used: " "LIon Battery"   " AND " explode    "
ffound: 0.
Thu Feb 28 18:07:03 2019
Search term used: " LIon    " AND " explode    "
ffound: 0.
Thu Feb 28 18:31:35 2019
Search term used: " Passive Load Excitation  " ffound: 0.
