Wed Feb  1 12:46:51 2017
Search term used: " carbon    " Time covered: 1950 to 2017. Type of search: " omit "
cfound = 198.
Sat Feb  4 08:15:17 2017
Search term used: " enviromental electrochemestry   " ffound: 0.
Sat Feb  4 08:15:49 2017
Search term used: " enviromental electrochemestry   " AND " ENVIRONMENTAL ELECTROCHEMISTRY   "
ffound: 0.
Fri Feb 10 14:08:15 2017
Search term used: " ozone    " ffound: 3.
Thu Feb 16 15:52:03 2017
Search term used: " electrolytic cell   " Time covered: 2012 to 2017. Type of search: " omit "
bfound = 0.
cfound = 0.
pfound = 0.
Thu Feb 16 15:53:08 2017
Search term used: " electrochemical methods   " Time covered: 2012 to 2017. Type of search: " omit "
bfound = 0.
cfound = 3.
pfound = 0.
Fri Feb 17 02:42:51 2017
Search term used: "     " Time covered: 1950 to 2017. Type of search: "  "
Fri Feb 17 09:42:48 2017
Search term used: " electrolytic cell   " Time covered: 1950 to 2017. Type of search: " no_omit "
bfound = 0.
cfound = 0.
pfound = 0.
Fri Feb 17 09:43:29 2017
Search term used: " electrolytic cell   " Time covered: 1950 to 2017. Type of search: " no_omit "
bfound = 0.
cfound = 0.
pfound = 0.
Fri Feb 17 09:43:58 2017
Search term used: " electrolysis    " Time covered: 1950 to 2017. Type of search: " no_omit "
bfound = 16.
cfound = 99.
pfound = 14.
Fri Feb 17 09:44:41 2017
Search term used: "     " Time covered: 1950 to 2017. Type of search: "  "
Fri Feb 17 09:46:21 2017
Search term used: "     " Time covered: 1950 to 2017. Type of search: "  "
Wed Feb 22 15:04:04 2017
Search term used: " Debye    " ffound: 4.
Fri Feb 24 05:22:57 2017
Search term used: "     " ffound: 0.
Fri Feb 24 05:52:09 2017
Search term used: "     " Time covered: 1950 to 2017. Type of search: "  "
Fri Feb 24 05:52:23 2017
Search term used: "     " . Country searched: .
gfound: 0.
Fri Feb 24 05:52:25 2017
Search term used: "     " ifound: 0.
Fri Feb 24 05:52:31 2017
Search term used: "     " ofound: 0.
Fri Feb 24 13:04:58 2017
Search term used: " protein film electrochemistry  " ffound: 0.
Fri Feb 24 17:26:51 2017
Search term used: " zur theorie der elektrolyte " ffound: 1.
Fri Feb 24 23:01:35 2017
Search term used: "     " ffound: 0.
Tue Feb 28 13:00:54 2017
Search term used: " electrolysis    " Time covered: 1950 to 2017. Type of search: " omit "
cfound = 102.
Tue Feb 28 13:01:19 2017
Search term used: "     " Time covered: 1950 to 2017. Type of search: "  "
Tue Feb 28 13:07:31 2017
Search term used: " electrolysis    " Time covered: 1950 to 2017. Type of search: " omit "
bfound = 18.
Tue Feb 28 14:44:57 2017
Search term used: " Encyclopedia of electrochemistry research, " Time covered: 1950 to 2017. Type of search: " no_omit "
cfound = 0.
Tue Feb 28 16:28:16 2017
Search term used: "     " Time covered: 1950 to 2017. Type of search: "  "
Tue Feb 28 23:03:32 2017
Search term used: " electrolysis    " ifound: 18.
