Thu Apr  9 00:48:34 2015
Search term used: " m h jacoby  " ofound: 0.
Mon Apr 13 17:33:20 2015
Search term used: " Wagner    " Time covered: 1950 to 2015. Type of search: " omit "
pfound = 3.
Mon Apr 13 17:34:54 2015
Search term used: "     " ffound: 0.
Tue Apr 14 05:04:28 2015
Search term used: " impedance    " Time covered: 1950 to 2015. Type of search: " omit "
bfound = 7.
Wed Apr 15 17:49:23 2015
Search term used: " bilewicz    " . Country searched: all.
gfound: 0.
Wed Apr 22 17:01:12 2015
Search term used: "     " . Country searched: UNITED STATES OF AMERICA.
gfound: 0.
Mon Apr 27 16:40:40 2015
Search term used: " trend    " AND " electrosynthesis    "
Time covered: 1950 to 2015. Type of search: " omit "
cfound = 0.
