Sun Nov  5 19:18:36 2017
Search term used: "     " . Country searched: .
gfound: 0.
Sun Nov  5 19:21:07 2017
Search term used: "     " ofound: 0.
Fri Nov 10 13:39:13 2017
Search term used: " randles    " ffound: 2.
Fri Nov 10 20:16:56 2017
Search term used: "     " Time covered: 1950 to 2017. Type of search: "  "
Fri Nov 10 20:17:32 2017
Search term used: "     " ifound: 0.
Tue Nov 21 18:05:45 2017
Search term used: "     " . Country searched: .
gfound: 0.
Tue Nov 21 18:09:43 2017
Search term used: "     " ofound: 0.
Sun Nov 26 16:24:37 2017
Search term used: "     " ifound: 0.
Sun Nov 26 16:25:38 2017
Search term used: "     " Time covered: 1950 to 2017. Type of search: "  "
Mon Nov 27 01:53:02 2017
Search term used: " electrochemistry for chemists  " ffound: 1.
Tue Nov 28 13:04:27 2017
Search term used: " tras    " ffound: 9.
Tue Nov 28 13:05:13 2017
Search term used: " trasatti    " ffound: 4.
Tue Nov 28 13:16:40 2017
Search term used: " trasatti    " Exact search. (No "wildcards" as leading or trailing characters.)
ifound: 0.
