Wed Sep  2 12:48:33 2015
Search term used: "     " Time covered: 1950 to 2015. Type of search: "  "
Thu Sep  3 13:38:54 2015
Search term used: "     " ifound: 0.
Sat Sep 19 07:51:37 2015
Search term used: " lisicon    " ffound: 0.
Sat Sep 19 07:52:16 2015
Search term used: " lisicon    " AND " LISICON    "
ffound: 0.
Sat Sep 19 07:53:06 2015
Search term used: " LISICON    " AND " H    "
ffound: 0.
Sat Sep 19 07:53:39 2015
Search term used: " Membrane    " AND " Lithium    "
ffound: 7.
Wed Sep 23 10:15:15 2015
Search term used: "     " ifound: 0.
Wed Sep 23 16:45:38 2015
Search term used: " electrolysis of copper chloride " ifound: 0.
Wed Sep 23 16:45:51 2015
Search term used: " electrolysis of copper chloride " ifound: 0.
Wed Sep 23 16:46:06 2015
Search term used: " cell voltage for inert " ifound: 0.
Sun Sep 27 16:04:31 2015
Search term used: "     " Time covered: 1950 to 2015. Type of search: "  "
Mon Sep 28 13:29:45 2015
Search term used: " aluminum battery   " Time covered: 1950 to 2015. Type of search: " omit "
cfound = 0.
Mon Sep 28 13:30:14 2015
Search term used: " battery    " Time covered: 1950 to 2015. Type of search: " omit "
cfound = 138.
