Mon Sep  3 19:13:28 2018
Search term used: "     " ifound: 0.
Wed Sep  5 12:26:54 2018
Search term used: "     " . Country searched: .
gfound: 0.
Fri Sep  7 22:13:59 2018
Search term used: "     " . Country searched: .
gfound: 0.
Sat Sep  8 00:40:27 2018
Search term used: "     " ofound: 0.
Sat Sep  8 20:52:29 2018
Search term used: "     " ifound: 0.
Mon Sep 10 04:00:17 2018
Search term used: "     " ifound: 0.
Mon Sep 10 14:28:26 2018
Search term used: "     " ifound: 0.
Tue Sep 11 05:31:13 2018
Search term used: "     " . Country searched: .
gfound: 0.
Tue Sep 11 10:00:19 2018
Search term used: "     " . Country searched: .
gfound: 0.
Tue Sep 11 23:34:08 2018
Search term used: "     " . Country searched: .
gfound: 0.
Wed Sep 12 05:07:03 2018
Search term used: "     " . Country searched: .
gfound: 0.
Thu Sep 13 12:35:17 2018
Search term used: "     " ifound: 0.
Sun Sep 16 06:26:36 2018
Search term used: "     " . Country searched: .
gfound: 0.
Tue Sep 18 02:39:33 2018
Search term used: "     " ifound: 0.
Tue Sep 18 21:28:23 2018
Search term used: "     " ifound: 0.
Wed Sep 19 15:40:56 2018
Search term used: "     " ifound: 0.
Fri Sep 21 15:37:22 2018
Search term used: "     " ifound: 0.
Sun Sep 23 02:47:39 2018
Search term used: "     " . Country searched: .
gfound: 0.
Sun Sep 23 23:46:47 2018
Search term used: "     " ofound: 0.
Mon Sep 24 22:06:56 2018
Search term used: "     " ifound: 0.
Tue Sep 25 03:00:22 2018
Search term used: "     " ifound: 0.
Tue Sep 25 13:47:43 2018
Search term used: "     " ifound: 0.
Tue Sep 25 19:23:16 2018
Search term used: "     " ifound: 0.
Thu Sep 27 12:03:05 2018
Search term used: "     " . Country searched: .
gfound: 0.
Fri Sep 28 18:38:06 2018
Search term used: "     " . Country searched: .
gfound: 0.
Fri Sep 28 20:25:49 2018
Search term used: "     " ofound: 0.
Sat Sep 29 09:56:22 2018
Search term used: "     " ofound: 0.
Sun Sep 30 11:27:50 2018
Search term used: "     " ifound: 0.
