Fri Mar  1 16:40:34 2019
Search term used: " chiang    " Time covered: 1950 to 2019. Type of search: " omit "
pfound = 1.
Mon Mar  4 05:57:22 2019
Search term used: "     " . Country searched: .
gfound: 0.
Mon Mar  4 13:14:39 2019
Search term used: " archives    " ffound: 0.
Tue Mar  5 14:07:43 2019
Search term used: " M. W. Verbrugge and " Time covered: 1950 to 2019. Type of search: " omit "
pfound = 0.
Thu Mar  7 13:15:09 2019
Search term used: "     " ifound: 0.
Sun Mar 10 11:20:41 2019
Search term used: "     " . Country searched: .
gfound: 0.
Wed Mar 13 00:27:42 2019
Search term used: " gharibi    " ffound: 1.
Wed Mar 13 03:40:28 2019
Search term used: "     " . Country searched: .
gfound: 0.
Thu Mar 14 07:52:40 2019
Search term used: " Lorentz    " Time covered: 1950 to 2019. Type of search: " omit "
pfound = 0.
Thu Mar 14 07:53:14 2019
Search term used: " K. Jiittner and W. " Time covered: 1950 to 2019. Type of search: " omit "
pfound = 0.
Sat Mar 16 00:39:22 2019
Search term used: "     " . Country searched: .
gfound: 0.
Sat Mar 16 09:02:44 2019
Search term used: " volta    " ffound: 10.
Sat Mar 16 09:36:13 2019
Search term used: "     " ifound: 0.
Tue Mar 19 05:36:33 2019
Search term used: "     " ofound: 0.
Tue Mar 19 09:34:10 2019
Search term used: " https://doi.org/10.1002/bbpc.19740780231    " Time covered: 1950 to 2019. Type of search: " omit "
bfound = 0.
Wed Mar 20 19:44:58 2019
Search term used: "     " ifound: 0.
Fri Mar 22 23:38:57 2019
Search term used: "     " Time covered: 1950 to 2019. Type of search: "  "
Sat Mar 23 03:25:10 2019
Search term used: "     " Time covered: 1950 to 2019. Type of search: "  "
Sat Mar 23 10:39:41 2019
Search term used: "     " ffound: 0.
Sat Mar 23 13:32:52 2019
Search term used: "     " ifound: 0.
Sat Mar 23 13:32:52 2019
Search term used: "     " . Country searched: .
gfound: 0.
Sat Mar 23 13:32:52 2019
Search term used: "     " Time covered: 1950 to 2019. Type of search: "  "
Sat Mar 23 13:32:53 2019
Search term used: "     " ofound: 0.
Tue Mar 26 06:30:51 2019
Search term used: "     " . Country searched: .
gfound: 0.
Fri Mar 29 04:45:34 2019
Search term used: "     " . Country searched: .
gfound: 0.
Sat Mar 30 20:25:46 2019
Search term used: "     " ofound: 0.
Sun Mar 31 12:10:16 2019
Search term used: "     " ofound: 0.
