Sat Dec  1 07:52:18 2018
Search term used: "     " Time covered: 1950 to 2018. Type of search: "  "
Tue Dec  4 01:37:53 2018
Search term used: "     " ifound: 0.
Fri Dec  7 19:33:29 2018
Search term used: "     " . Country searched: .
gfound: 0.
Fri Dec  7 22:48:49 2018
Search term used: "     " ifound: 0.
Sat Dec  8 12:43:23 2018
Search term used: "     " Time covered: 1950 to 2018. Type of search: "  "
Sun Dec  9 04:52:06 2018
Search term used: "     " Time covered: 1950 to 2018. Type of search: "  "
Mon Dec 10 19:07:32 2018
Search term used: " The Theory of Concentration " ffound: 1.
Mon Dec 17 21:04:44 2018
Search term used: "     " ofound: 0.
Mon Dec 17 22:11:25 2018
Search term used: "     " Time covered: 1950 to 2018. Type of search: "  "
Tue Dec 18 08:01:54 2018
Search term used: " cyclic    " ffound: 8.
Thu Dec 20 14:00:31 2018
Search term used: "     " . Country searched: .
gfound: 0.
Sat Dec 22 10:50:00 2018
Search term used: "     " ifound: 0.
Mon Dec 24 00:03:13 2018
Search term used: "     " Time covered: 1950 to 2018. Type of search: "  "
Tue Dec 25 14:27:17 2018
Search term used: "     " ifound: 0.
Sat Dec 29 10:35:21 2018
Search term used: "     " Time covered: 1950 to 2018. Type of search: "  "
Mon Dec 31 08:50:50 2018
Search term used: "     " . Country searched: .
gfound: 0.
