Wed Nov  2 17:23:23 2016
Search term used: " space    " ffound: 7.
Wed Nov  2 17:23:55 2016
Search term used: " space resources   " ffound: 0.
Thu Nov  3 07:36:25 2016
Search term used: "     " Time covered: 1950 to 2016. Type of search: "  "
Wed Nov  9 21:58:42 2016
Search term used: " The Theory of Concentration " ffound: 1.
Tue Nov 15 12:12:47 2016
Search term used: " Fuel Cells and Their " ffound: 2.
Sat Nov 19 12:37:31 2016
Search term used: "     " ffound: 0.
Sat Nov 19 12:38:50 2016
Search term used: "     " . Country searched: .
gfound: 0.
Mon Nov 21 20:57:03 2016
Search term used: " Metal resistivity   " AND " Iron ions   "
ffound: 0.
Mon Nov 21 20:57:29 2016
Search term used: " Resistance    " AND " ions    "
ffound: 6.
Mon Nov 21 22:06:44 2016
Search term used: " textbook    " Time covered: 1950 to 2016. Type of search: " omit "
bfound = 4.
Wed Nov 23 09:53:11 2016
Search term used: "     " Time covered: 1950 to 2016. Type of search: "  "
Thu Nov 24 06:02:16 2016
Search term used: " phani    " ffound: 2.
Fri Nov 25 13:13:16 2016
Search term used: " cardarelli    " ifound: 0.
