Mon Jul  6 05:28:05 2015
Search term used: " educational research paper  " ffound: 0.
Mon Jul  6 05:29:48 2015
Search term used: " education journals   " ffound: 0.
Tue Jul  7 11:53:59 2015
Search term used: " Zeitschrift für physikalische Chemie, " ffound: 0.
Tue Jul  7 11:54:29 2015
Search term used: " Engelmann, Leipzig 1905  " ffound: 0.
Tue Jul  7 11:54:37 2015
Search term used: " Engelmann Leipzig 1905  " ffound: 0.
Mon Jul 20 06:02:37 2015
Search term used: "     " . Country searched: SOUTH AFRICA.
gfound: 0.
Mon Jul 20 06:03:17 2015
Search term used: "     " . Country searched: UNITED KINGDOM.
gfound: 0.
Mon Jul 20 06:03:42 2015
Search term used: "     " . Country searched: UNITED STATES OF AMERICA.
gfound: 0.
Mon Jul 20 06:04:15 2015
Search term used: "     " AND " graduate schools   ". Country searched: SOUTH AFRICA.  
gfound: 0.
Mon Jul 20 06:04:30 2015
Search term used: "     " AND " graduate schools   ". Country searched: UNITED STATES OF AMERICA.  
gfound: 0.
Thu Jul 23 10:24:13 2015
Search term used: "     " ifound: 0.
Fri Jul 24 14:37:39 2015
Search term used: " anodizing    " AND " aluminum    "
ffound: 7.
Fri Jul 24 15:20:02 2015
Search term used: "     " Time covered: 1950 to 2015. Type of search: "  "
Mon Jul 27 16:12:47 2015
Search term used: " Acheson    " ffound: 0.
Thu Jul 30 09:25:56 2015
Search term used: " history of ecs  " ffound: 0.
Thu Jul 30 18:31:45 2015
Search term used: " molten salt   " ffound: 8.
