Fri Aug 12 17:00:01 2016
Search term used: " gold    " AND " pinhole    "
ffound: 0.
Sun Aug 14 13:06:08 2016
Search term used: "     " ffound: 0.
Sun Aug 14 13:28:29 2016
Search term used: "     " Time covered: 1950 to 2016. Type of search: "  "
Sun Aug 14 13:31:45 2016
Search term used: "     " ifound: 0.
Sun Aug 14 13:33:16 2016
Search term used: "     " . Country searched: .
gfound: 0.
Mon Aug 15 10:58:18 2016
Search term used: "     " ffound: 0.
Mon Aug 15 15:16:43 2016
Search term used: "     " Time covered: 1950 to 2016. Type of search: "  "
Mon Aug 15 15:23:22 2016
Search term used: "     " . Country searched: .
gfound: 0.
Mon Aug 15 15:26:22 2016
Search term used: "     " ofound: 0.
Fri Aug 26 05:09:10 2016
Search term used: " The Sulfur Electrode: Fused " Time covered: 1950 to 2016. Type of search: " omit "
bfound = 1.
Mon Aug 29 14:33:27 2016
Search term used: " marine engineering   " . Country searched: all.
gfound: 0.
Mon Aug 29 14:34:05 2016
Search term used: " electronics    " . Country searched: all.
gfound: 21.
Wed Aug 31 19:09:08 2016
Search term used: "     " Time covered: 1950 to 2016. Type of search: "  "
