Thu Jun  1 03:44:40 2017
Search term used: " Aurian-Blajeni B. Tomkiewicz M. " ffound: 0.
Sun Jun  4 15:26:36 2017
Search term used: " Hydrogen Ions Volume II " AND " Hubert T. S. Britton "
Time covered: 1950 to 2017. Type of search: " omit "
bfound = 0.
Sun Jun  4 15:27:09 2017
Search term used: " Hydrogen Ions   " AND " Hubert T. S. Britton "
Time covered: 1950 to 2017. Type of search: " omit "
bfound = 0.
Tue Jun  6 21:11:53 2017
Search term used: "     " . Country searched: .
gfound: 0.
Tue Jun  6 21:14:46 2017
Search term used: "     " ofound: 0.
Tue Jun 13 07:04:25 2017
Search term used: "     " Time covered: 1950 to 2017. Type of search: "  "
Wed Jun 21 12:03:58 2017
Search term used: "     " . Country searched: .
gfound: 0.
Wed Jun 21 12:10:36 2017
Search term used: "     " ofound: 0.
Mon Jun 26 18:37:28 2017
Search term used: "     " Time covered: 1950 to 2017. Type of search: "  "
Mon Jun 26 18:38:22 2017
Search term used: "     " ifound: 0.
Wed Jun 28 21:45:35 2017
Search term used: " impedance    " ifound: 13.
Wed Jun 28 21:48:11 2017
Search term used: " techniques    " ifound: 14.
