Wed Dec  3 08:18:12 2014
Search term used: " electrochemical machining   " ifound: 5.
Wed Dec  3 08:27:29 2014
Search term used: " micro electrochemical machining  " ifound: 0.
Wed Dec  3 08:27:59 2014
Search term used: " electrochemical micromachining   " ifound: 0.
Mon Dec  8 05:42:54 2014
Search term used: " Electrodeposition    " Time covered: 1950 to 2014. Type of search: " omit "
cfound = 114.
Mon Dec  8 05:46:28 2014
Search term used: "     " Time covered: 1950 to 2014. Type of search: "  "
Tue Dec  9 15:51:51 2014
Search term used: " carbon nanotube   " ffound: 3.
Tue Dec  9 16:18:46 2014
Search term used: " higgins    " ifound: 0.
Tue Dec  9 16:19:09 2014
Search term used: " liverpool    " ifound: 0.
Tue Dec  9 17:01:33 2014
Search term used: " JOuikov    " ffound: 2.
Tue Dec  9 19:59:50 2014
Search term used: " microelectronic packaging   " AND " electrochemical technology   "
Time covered: 1950 to 2014. Type of search: " omit "
bfound = 0.
Tue Dec  9 20:00:29 2014
Search term used: " electrochemical micromachining   " AND " electrochemical technology   "
Time covered: 1950 to 2014. Type of search: " omit "
bfound = 0.
Wed Dec 10 02:04:58 2014
Search term used: " electrochemical sensors   " ffound: 5.
Wed Dec 10 03:32:14 2014
Search term used: " Ugo    " Time covered: 1950 to 2014. Type of search: " omit "
cfound = 4.
Wed Dec 10 03:33:33 2014
Search term used: " ugo    " Exact search. (No "wildcards" as leading or trailing characters.)
ifound: 0.
Wed Dec 10 03:33:41 2014
Search term used: " ugo    " ifound: 0.
Wed Dec 10 08:02:02 2014
Search term used: " electrochemical impedance   " Time covered: 1950 to 2014. Type of search: " omit "
cfound = 20.
Wed Dec 10 08:02:21 2014
Search term used: "     " Time covered: 1950 to 2014. Type of search: "  "
Wed Dec 10 13:49:25 2014
Search term used: " fuel cell   " OR " fuel cells   ". Country searched: all.  
Exact search. (No "wildcards" as leading or trailing characters.)
gfound: 181.
Wed Dec 10 13:52:32 2014
Search term used: " flow cell   " OR " flow battery   ". Country searched: all.  
Exact search. (No "wildcards" as leading or trailing characters.)
gfound: 2.
Wed Dec 10 13:53:35 2014
Search term used: " battery    " ffound: 13.
Wed Dec 10 16:46:15 2014
Search term used: " mixed conductor   " AND " battery    "
ffound: 2.
Fri Dec 12 23:34:37 2014
Search term used: "     " ffound: 0.
Sun Dec 14 18:39:31 2014
Search term used: " Electrochemical Technology in Molten " Time covered: 1985 to 1995. Type of search: " omit "
bfound = 0.
cfound = 0.
Tue Dec 16 09:04:58 2014
Search term used: "     " Time covered: 1950 to 2014. Type of search: " omit "
bfound = 0.
Sat Dec 20 13:35:46 2014
Search term used: " corrosion    " ffound: 13.
Mon Dec 22 00:57:49 2014
Search term used: " o'mullane    " ffound: 1.
Mon Dec 22 10:30:53 2014
Search term used: " indiana    " . Country searched: UNITED STATES OF AMERICA.
gfound: 0.
Thu Dec 25 20:54:27 2014
Search term used: " capacitance    " ffound: 4.
Thu Dec 25 21:03:50 2014
Search term used: "     " AND " quantitate    "
Time covered: 1950 to 2014. Type of search: " omit "
cfound = 0.
Thu Dec 25 21:04:08 2014
Search term used: "     " AND " electrochemical characterization   "
Time covered: 1950 to 2014. Type of search: " omit "
cfound = 0.
Thu Dec 25 21:04:16 2014
Search term used: " electrochemical characterization   " Time covered: 1950 to 2014. Type of search: " omit "
cfound = 4.
Wed Dec 31 10:40:16 2014
Search term used: " molten    " AND " salt*    "
Time covered: 1950 to 2014. Type of search: " omit "
pfound = 26.
