Wed Aug  2 16:06:13 2017
Search term used: " spetroelectrochemistry    " ffound: 0.
Wed Aug  2 16:06:23 2017
Search term used: " spectroelectrochemistry    " ffound: 7.
Mon Aug  7 11:16:51 2017
Search term used: "     " ofound: 0.
Mon Aug  7 11:19:28 2017
Search term used: "     " . Country searched: .
gfound: 0.
Mon Aug  7 11:32:20 2017
Search term used: " square wave voltammetry  " ffound: 2.
Fri Aug 11 00:08:07 2017
Search term used: "     " ffound: 0.
Fri Aug 11 06:32:00 2017
Search term used: "     " ifound: 0.
Fri Aug 11 06:32:00 2017
Search term used: "     " . Country searched: .
gfound: 0.
Fri Aug 11 06:32:00 2017
Search term used: "     " Time covered: 1950 to 2017. Type of search: "  "
Fri Aug 11 06:32:00 2017
Search term used: "     " ofound: 0.
Sat Aug 12 06:14:20 2017
Search term used: "     " Time covered: 1950 to 2017. Type of search: "  "
Sat Aug 12 06:16:33 2017
Search term used: "     " ifound: 0.
Mon Aug 14 11:05:46 2017
Search term used: " Cyclovoltammetry    " ffound: 0.
Mon Aug 14 12:28:22 2017
Search term used: " Voltammetry    " ifound: 11.
Tue Aug 15 02:55:13 2017
Search term used: " union carbide   " Time covered: 1950 to 2017. Type of search: " omit "
bfound = 2.
Tue Aug 15 02:56:12 2017
Search term used: " union carbide   " Time covered: 1950 to 2017. Type of search: " omit "
bfound = 2.
Tue Aug 15 03:02:22 2017
Search term used: " union carbide   " Time covered: 1950 to 2017. Type of search: " omit "
pfound = 0.
Tue Aug 15 03:03:16 2017
Search term used: " Union carbide   " Time covered: 1950 to 2017. Type of search: " omit "
pfound = 0.
Tue Aug 15 03:03:50 2017
Search term used: " Union Carbide   " Time covered: 1950 to 2017. Type of search: " omit "
pfound = 0.
Tue Aug 15 03:04:28 2017
Search term used: " union carbide   " ffound: 1.
Tue Aug 15 03:07:20 2017
Search term used: "     " AND " union carbide   "
Time covered: 1950 to 2017. Type of search: " omit "
bfound = 0.
Tue Aug 15 12:02:31 2017
Search term used: " union carbide products  " ffound: 0.
Tue Aug 15 12:03:15 2017
Search term used: "     " ffound: 0.
Tue Aug 15 12:26:40 2017
Search term used: "     " ffound: 0.
Tue Aug 15 12:27:27 2017
Search term used: " Eveready Battery Applications Engineering " ffound: 0.
Tue Aug 15 12:28:29 2017
Search term used: "     " AND " Eveready Battery Applications Engineering "
Time covered: 1950 to 2017. Type of search: " omit "
bfound = 0.
Tue Aug 15 12:28:42 2017
Search term used: " Eveready Battery Applications Engineering " AND " Eveready Battery Applications Engineering "
Time covered: 1950 to 2017. Type of search: " omit "
bfound = 0.
Tue Aug 15 12:28:57 2017
Search term used: " Eveready Battery Applications Engineering " Time covered: 1950 to 2017. Type of search: " omit "
bfound = 0.
Tue Aug 15 12:29:48 2017
Search term used: "     " AND " Eveready Battery Applications Engineering "
ofound: 0.
Tue Aug 15 12:30:04 2017
Search term used: "     " AND " Eveready Battery Applications and "
ofound: 0.
Tue Aug 15 12:30:50 2017
Search term used: "     " AND " eveready battery applications engineering "
ofound: 0.
Tue Aug 15 12:32:13 2017
Search term used: " union carbide applications engineering " Time covered: 1950 to 2017. Type of search: " omit "
bfound = 0.
Tue Aug 15 12:32:28 2017
Search term used: " eveready applications engineering  " Time covered: 1950 to 2017. Type of search: " omit "
bfound = 0.
Tue Aug 15 12:35:47 2017
Search term used: " union carbide   " ffound: 1.
Tue Aug 15 23:50:55 2017
Search term used: "     " Time covered: 1950 to 2017. Type of search: "  "
Tue Aug 15 23:51:44 2017
Search term used: " Eveready    " Time covered: 1950 to 2017. Type of search: " omit "
bfound = 2.
Thu Aug 17 13:21:42 2017
Search term used: " corrosion    " ffound: 13.
Mon Aug 21 21:20:57 2017
Search term used: "     " . Country searched: .
gfound: 0.
Mon Aug 21 21:24:20 2017
Search term used: "     " ofound: 0.
Thu Aug 24 05:52:42 2017
Search term used: " Matsuki    " Time covered: 1950 to 2017. Type of search: " omit "
pfound = 0.
Thu Aug 24 05:56:44 2017
Search term used: " Kozawa    " Time covered: 1992 to 1992. Type of search: " omit "
pfound = 0.
Thu Aug 24 05:57:15 2017
Search term used: " progress in batteries  " Time covered: 1992 to 1992. Type of search: " omit "
pfound = 1.
Sat Aug 26 18:29:47 2017
Search term used: "     " ifound: 0.
Sat Aug 26 18:33:11 2017
Search term used: "     " Time covered: 1950 to 2017. Type of search: "  "
Tue Aug 29 10:03:32 2017
Search term used: " Bockris    " Time covered: 1950 to 2017. Type of search: " omit "
bfound = 62.
