Tue May  1 16:58:59 2018
Search term used: "     " Time covered: 1950 to 2018. Type of search: "  "
Tue May  1 18:09:15 2018
Search term used: "     " ifound: 0.
Wed May  9 01:30:01 2018
Search term used: "     " . Country searched: .
gfound: 0.
Fri May 11 06:35:22 2018
Search term used: " cyclic voltammetry   " ifound: 7.
Fri May 11 07:30:22 2018
Search term used: " chronoamperometry    " ifound: 0.
Fri May 11 07:30:42 2018
Search term used: " chronoamperometry    " ifound: 0.
Fri May 11 07:30:50 2018
Search term used: " chrono    " ifound: 1.
Fri May 11 07:31:02 2018
Search term used: " chronoam    " ifound: 0.
Thu May 17 17:44:36 2018
Search term used: "     " ofound: 0.
Thu May 17 17:51:11 2018
Search term used: "     " . Country searched: .
gfound: 0.
Tue May 22 08:42:50 2018
Search term used: "     " ofound: 0.
Tue May 22 08:50:13 2018
Search term used: "     " . Country searched: .
gfound: 0.
Tue May 22 09:00:23 2018
Search term used: "     " Time covered: 1950 to 2018. Type of search: "  "
Fri May 25 19:12:23 2018
Search term used: "     " ifound: 0.
Fri May 25 19:35:01 2018
Search term used: "     " Time covered: 1950 to 2018. Type of search: "  "
Sat May 26 00:29:31 2018
Search term used: " Structural Features of Crystalline " Time covered: 1950 to 2018. Type of search: " omit "
cfound = 0.
Sat May 26 00:30:22 2018
Search term used: " Conditions for Fabrication of " Time covered: 1950 to 2018. Type of search: " omit "
cfound = 0.
Sat May 26 00:30:42 2018
Search term used: " Anodic Films on Aluminum, " Time covered: 1950 to 2018. Type of search: " omit "
cfound = 0.
Tue May 29 03:05:34 2018
Search term used: "     " . Country searched: .
gfound: 0.
Wed May 30 03:50:47 2018
Search term used: " dems    " ifound: 0.
Thu May 31 20:32:39 2018
Search term used: " silver medicine   " ffound: 0.
Thu May 31 20:32:49 2018
Search term used: " silver medicine   " ffound: 0.
Thu May 31 20:32:56 2018
Search term used: " silver medicine   " ffound: 0.
Thu May 31 20:33:13 2018
Search term used: " silver    " Exact search. (No "wildcards" as leading or trailing characters.)
ffound: 8.
