Sun Dec  3 05:23:59 2017
Search term used: "     " ffound: 0.
Sun Dec  3 05:29:00 2017
Search term used: " debey hückel   " ffound: 0.
Sun Dec  3 18:53:09 2017
Search term used: "     " ffound: 0.
Tue Dec  5 10:15:35 2017
Search term used: " Electrochemistry    " Time covered: 1950 to 2017. Type of search: " omit "
bfound = 412.
Tue Dec  5 10:16:04 2017
Search term used: " Electrochemistry    " Time covered: 2000 to 2017. Type of search: " omit "
bfound = 135.
Thu Dec  7 05:53:14 2017
Search term used: "     " ofound: 0.
Thu Dec  7 05:54:10 2017
Search term used: "     " . Country searched: .
gfound: 0.
Thu Dec  7 05:55:02 2017
Search term used: "     " . Country searched: .
gfound: 0.
Tue Dec 12 07:10:01 2017
Search term used: "     " Time covered: 1950 to 2017. Type of search: "  "
Sun Dec 17 12:10:16 2017
Search term used: "     " Time covered: 1950 to 2017. Type of search: "  "
Sun Dec 17 12:10:17 2017
Search term used: "     " ifound: 0.
Tue Dec 19 05:31:44 2017
Search term used: " reference electrode   " ifound: 2.
Thu Dec 21 19:50:02 2017
Search term used: "     " ffound: 0.
Fri Dec 22 01:00:08 2017
Search term used: "     " . Country searched: .
gfound: 0.
Fri Dec 22 01:07:07 2017
Search term used: "     " ofound: 0.
Wed Dec 27 03:20:23 2017
Search term used: "     " ifound: 0.
Wed Dec 27 03:26:55 2017
Search term used: "     " Time covered: 1950 to 2017. Type of search: "  "
Wed Dec 27 17:52:46 2017
Search term used: " cold fusion   " ffound: 5.
Wed Dec 27 17:52:50 2017
Search term used: "     " ffound: 0.
Wed Dec 27 17:52:50 2017
Search term used: "     " ffound: 0.
Thu Dec 28 12:09:59 2017
Search term used: " carbon    " OR " graphite    "
Time covered: 1950 to 2017. Type of search: " omit "
pfound = 9.
