Tue Sep  5 11:11:34 2017
Search term used: "     " ofound: 0.
Tue Sep  5 11:15:10 2017
Search term used: "     " . Country searched: .
gfound: 0.
Fri Sep  8 13:37:01 2017
Search term used: " brugnatelli    " ffound: 1.
Sat Sep  9 03:22:40 2017
Search term used: "     " ffound: 0.
Sat Sep  9 06:25:54 2017
Search term used: "     " ifound: 0.
Sat Sep  9 06:25:55 2017
Search term used: "     " . Country searched: .
gfound: 0.
Sat Sep  9 06:25:55 2017
Search term used: "     " Time covered: 1950 to 2017. Type of search: "  "
Sat Sep  9 06:26:10 2017
Search term used: "     " ofound: 0.
Sun Sep 10 06:01:11 2017
Search term used: "     " Time covered: 1950 to 2017. Type of search: "  "
Sun Sep 10 06:01:28 2017
Search term used: "     " ifound: 0.
Tue Sep 12 11:14:56 2017
Search term used: " Jack Kirby   " ffound: 0.
Tue Sep 12 11:15:05 2017
Search term used: " history    " ffound: 9.
Fri Sep 15 13:37:28 2017
Search term used: "     " ffound: 0.
Fri Sep 15 13:37:42 2017
Search term used: "     " ffound: 0.
Fri Sep 15 13:37:48 2017
Search term used: "     " ffound: 0.
Fri Sep 15 13:38:01 2017
Search term used: "     " ffound: 0.
Fri Sep 15 13:38:36 2017
Search term used: " Aluminum Manganese alloy* Braz* " ffound: 0.
Fri Sep 15 13:38:49 2017
Search term used: " Aluminum Manganese alloy* Braz* " AND " sheet*    "
ffound: 0.
Fri Sep 15 13:39:14 2017
Search term used: " Aluminum Manganese alloy* Braz* " OR " Al-MN alloy*   "
ffound: 0.
Fri Sep 15 13:39:35 2017
Search term used: " alloy*    " OR " Al-MN    "
ffound: 9.
Fri Sep 15 13:39:58 2017
Search term used: " alloy*    " AND " Al-MN    "
ffound: 1.
Wed Sep 20 01:26:51 2017
Search term used: "     " ofound: 0.
Wed Sep 20 01:32:48 2017
Search term used: "     " . Country searched: .
gfound: 0.
Sun Sep 24 23:30:03 2017
Search term used: "     " ifound: 0.
Sun Sep 24 23:31:41 2017
Search term used: "     " Time covered: 1950 to 2017. Type of search: "  "
Tue Sep 26 16:23:21 2017
Search term used: " bommaraju    " ofound: 0.
