Fri Mar  2 12:17:20 2018
Search term used: " NaeKdDkq    " AND " NaeK    "
ifound: 0.
Fri Mar  2 12:17:21 2018
Search term used: " NaeKdDkq    " AND " NaeK    "
ifound: 0.
Fri Mar  2 12:17:21 2018
Search term used: " NaeKdDkq    " AND " NaeK    "
ifound: 0.
Fri Mar  2 12:17:22 2018
Search term used: " NaeKdDkq    " AND " NaeK    "
ifound: 0.
Fri Mar  2 12:17:22 2018
Search term used: " NaeKdDkq    " AND " NaeK    "
ifound: 0.
Fri Mar  2 12:17:22 2018
Search term used: " NaeKdDkq    " AND " NaeK    "
ifound: 0.
Fri Mar  2 12:17:23 2018
Search term used: " NaeKdDkq    " AND " NaeK    "
ifound: 0.
Fri Mar  2 12:17:23 2018
Search term used: " NaeKdDkq    " AND " NaeK    "
ifound: 0.
Fri Mar  2 12:17:23 2018
Search term used: " NaeKdDkq    " AND " NaeK    "
ifound: 0.
Fri Mar  2 12:17:24 2018
Search term used: " NaeKdDkq    " AND " NaeK    "
ifound: 0.
Fri Mar  2 12:17:24 2018
Search term used: " NaeKdDkq    " AND " NaeK    "
ifound: 0.
Fri Mar  2 12:17:24 2018
Search term used: " NaeKdDkq    " AND " NaeK    "
ifound: 0.
Fri Mar  2 12:17:24 2018
Search term used: " NaeKdDkq    " AND " NaeK    "
ifound: 0.
Fri Mar  2 12:17:25 2018
Search term used: " NaeKdDkq    " AND " NaeK    "
ifound: 0.
Fri Mar  2 12:17:25 2018
Search term used: " NaeKdDkq    " AND " NaeK    "
ifound: 0.
Fri Mar  2 12:17:25 2018
Search term used: " NaeKdDkq    " AND " NaeK    "
ifound: 0.
Fri Mar  2 12:17:26 2018
Search term used: " NaeKdDkq    " AND " NaeK    "
ifound: 0.
Fri Mar  2 12:17:26 2018
Search term used: " NaeKdDkq    " AND " NaeK    "
ifound: 0.
Fri Mar  2 12:17:26 2018
Search term used: " NaeKdDkq    " AND " NaeK    "
ifound: 0.
Fri Mar  2 12:17:26 2018
Search term used: " NaeKdDkq    " AND " NaeK    "
ifound: 0.
Fri Mar  2 12:17:27 2018
Search term used: " NaeKdDkq    " AND " NaeK    "
ifound: 0.
Fri Mar  2 12:17:27 2018
Search term used: " NaeKdDkq    " AND " NaeK    "
ifound: 0.
Fri Mar  2 12:17:27 2018
Search term used: " NaeKdDkq    " AND " 4466    "
ifound: 0.
Fri Mar  2 12:17:28 2018
Search term used: " NaeKdDkq    " AND " NaeK'COvLuB<'">imrHwb    "
ifound: 0.
Fri Mar  2 12:17:29 2018
Search term used: " NaeKdDkq    " AND " NaeK' AND 3130=7709 AND "
ifound: 0.
Fri Mar  2 12:17:29 2018
Search term used: " NaeKdDkq    " AND " NaeK' AND 1737=1737 AND "
ifound: 0.
Fri Mar  2 12:17:30 2018
Search term used: " NaeKdDkq    " AND " NaeK' AND 6820=8934 AND "
ifound: 0.
Fri Mar  2 12:17:30 2018
Search term used: " NaeKdDkq    " AND " NaeK%' AND 7113=3807 AND "
ifound: 0.
Fri Mar  2 12:17:30 2018
Search term used: " NaeKdDkq    " AND " NaeK%' AND 1737=1737 AND "
ifound: 0.
Fri Mar  2 12:17:31 2018
Search term used: " NaeKdDkq    " AND " NaeK AND 8973=4685  "
ifound: 0.
Fri Mar  2 12:17:32 2018
Search term used: " NaeKdDkq    " AND " NaeK AND 1737=1737  "
ifound: 0.
Fri Mar  2 12:17:32 2018
Search term used: " NaeKdDkq    " AND " NaeK AND 9522=5299  "
ifound: 0.
Fri Mar  2 12:17:32 2018
Search term used: " NaeKdDkq    " AND " NaeK AND 3036=3357-- fvkb "
ifound: 0.
Fri Mar  2 12:17:33 2018
Search term used: " NaeKdDkq    " AND " NaeK AND 1737=1737-- cCIL "
ifound: 0.
Fri Mar  2 12:17:33 2018
Search term used: " NaeKdDkq    " AND " NaeK AND 2803=9641-- veVR "
ifound: 0.
Fri Mar  2 12:17:34 2018
Search term used: " NaeKdDkq    " 3727 " NaeK    "
ifound: 0.
Fri Mar  2 12:17:34 2018
Search term used: " NaeKdDkq    " AND%29%22%28%28%28%29%28%28%27. " NaeK    "
ifound: 0.
Fri Mar  2 12:17:35 2018
Search term used: " NaeKdDkq    " AND%27dCcoup%3C%27%22%3EeYNsnV " NaeK    "
ifound: 0.
Fri Mar  2 12:17:35 2018
Search term used: " NaeKdDkq    " AND%27%29%20AND%204260%3D4518%20AND%20%28%27tgmP%27%3D%27tgmP " NaeK    "
ifound: 0.
Fri Mar  2 12:17:36 2018
Search term used: " NaeKdDkq    " AND%27%29%20AND%208849%3D8849%20AND%20%28%27srIn%27%3D%27srIn " NaeK    "
ifound: 0.
Fri Mar  2 12:17:36 2018
Search term used: " NaeKdDkq    " AND%27%29%20AND%203772%3D7456%20AND%20%28%27GzAk%27%3D%27GzAk " NaeK    "
ifound: 0.
Fri Mar  2 12:17:36 2018
Search term used: " NaeKdDkq    " AND%27%20AND%202281%3D8315%20AND%20%27nePz%27%3D%27nePz " NaeK    "
ifound: 0.
Fri Mar  2 12:17:37 2018
Search term used: " NaeKdDkq    " AND%27%20AND%208849%3D8849%20AND%20%27sgRX%27%3D%27sgRX " NaeK    "
ifound: 0.
Fri Mar  2 12:17:37 2018
Search term used: " NaeKdDkq    " AND%27%20AND%206673%3D7727%20AND%20%27tAox%27%3D%27tAox " NaeK    "
ifound: 0.
Fri Mar  2 12:17:37 2018
Search term used: " NaeKdDkq    " AND%25%27%20AND%201225%3D6769%20AND%20%27%25%27%3D%27 " NaeK    "
ifound: 0.
Fri Mar  2 12:17:38 2018
Search term used: " NaeKdDkq    " AND%25%27%20AND%208849%3D8849%20AND%20%27%25%27%3D%27 " NaeK    "
ifound: 0.
Fri Mar  2 12:17:38 2018
Search term used: " NaeKdDkq    " AND%25%27%20AND%209779%3D7850%20AND%20%27%25%27%3D%27 " NaeK    "
ifound: 0.
Fri Mar  2 12:17:38 2018
Search term used: " NaeKdDkq    " AND%29%20AND%208955%3D3811%20AND%20%282963%3D2963 " NaeK    "
ifound: 0.
Fri Mar  2 12:17:39 2018
Search term used: " NaeKdDkq    " AND%29%20AND%208849%3D8849%20AND%20%286984%3D6984 " NaeK    "
ifound: 0.
Fri Mar  2 12:17:39 2018
Search term used: " NaeKdDkq    " AND%29%20AND%203148%3D8464%20AND%20%283259%3D3259 " NaeK    "
ifound: 0.
Fri Mar  2 12:17:39 2018
Search term used: " NaeKdDkq    " AND%20AND%205801%3D9687 " NaeK    "
ifound: 0.
Fri Mar  2 12:17:40 2018
Search term used: " NaeKdDkq    " AND%20AND%208849%3D8849 " NaeK    "
ifound: 0.
Fri Mar  2 12:17:40 2018
Search term used: " NaeKdDkq    " AND%20AND%208676%3D3578 " NaeK    "
ifound: 0.
Fri Mar  2 12:17:41 2018
Search term used: " NaeKdDkq    " AND%20AND%202261%3D6457--%20YOsq " NaeK    "
ifound: 0.
Fri Mar  2 12:17:41 2018
Search term used: " NaeKdDkq    " AND%20AND%208849%3D8849--%20NkhG " NaeK    "
ifound: 0.
Fri Mar  2 12:17:41 2018
Search term used: " NaeKdDkq    " %28SELECT%20%28CASE%20WHEN%20%284023%3D3170%29%20THEN%204023%20ELSE%204023%2A%28SELECT%204023%20FROM%20INFORMATION_SCHEMA.PLUGINS%29%20END%29%29 " NaeK    "
ifound: 0.
Fri Mar  2 12:17:42 2018
Search term used: " NaeKdDkq    " %28SELECT%20%28CASE%20WHEN%20%281354%3D1354%29%20THEN%201354%20ELSE%201354%2A%28SELECT%201354%20FROM%20INFORMATION_SCHEMA.PLUGINS%29%20END%29%29 " NaeK    "
ifound: 0.
Fri Mar  2 12:17:42 2018
Search term used: " NaeKdDkq    " %28SELECT%20%28CASE%20WHEN%20%289534%3D2198%29%20THEN%209534%20ELSE%209534%2A%28SELECT%209534%20FROM%20INFORMATION_SCHEMA.PLUGINS%29%20END%29%29 " NaeK    "
ifound: 0.
Fri Mar  2 12:17:43 2018
Search term used: " rvJxgsia    " AND " rvJx    "
ffound: 0.
Fri Mar  2 12:17:45 2018
Search term used: " rvJxgsia    " AND " rvJx    "
ffound: 0.
Fri Mar  2 12:17:46 2018
Search term used: " rvJxgsia    " AND " rvJx    "
ffound: 0.
Fri Mar  2 12:17:46 2018
Search term used: " rvJxgsia    " AND " rvJx    "
ffound: 0.
Fri Mar  2 12:17:47 2018
Search term used: " rvJxgsia    " AND " rvJx    "
ffound: 0.
Fri Mar  2 12:17:47 2018
Search term used: " rvJxgsia    " AND " rvJx    "
ffound: 0.
Fri Mar  2 12:17:48 2018
Search term used: " rvJxgsia    " AND " rvJx    "
ffound: 0.
Fri Mar  2 12:17:48 2018
Search term used: " rvJxgsia    " AND " rvJx    "
ffound: 0.
Fri Mar  2 12:17:48 2018
Search term used: " rvJxgsia    " AND " rvJx    "
ffound: 0.
Fri Mar  2 12:17:49 2018
Search term used: " rvJxgsia    " AND " rvJx    "
ffound: 0.
Fri Mar  2 12:17:49 2018
Search term used: " rvJxgsia    " AND " rvJx    "
ffound: 0.
Fri Mar  2 12:17:49 2018
Search term used: " rvJxgsia    " AND " rvJx    "
ffound: 0.
Fri Mar  2 12:17:50 2018
Search term used: " rvJxgsia    " AND " rvJx    "
ffound: 0.
Fri Mar  2 12:17:50 2018
Search term used: " rvJxgsia    " AND " rvJx    "
ffound: 0.
Fri Mar  2 12:17:50 2018
Search term used: " rvJxgsia    " AND " rvJx    "
ffound: 0.
Fri Mar  2 12:17:51 2018
Search term used: " rvJxgsia    " AND " rvJx    "
ffound: 0.
Fri Mar  2 12:17:51 2018
Search term used: " rvJxgsia    " AND " rvJx    "
ffound: 0.
Fri Mar  2 12:17:51 2018
Search term used: " rvJxgsia    " AND " rvJx    "
ffound: 0.
Fri Mar  2 12:17:52 2018
Search term used: " rvJxgsia    " AND " rvJx    "
ffound: 0.
Fri Mar  2 12:17:52 2018
Search term used: " rvJxgsia    " AND " rvJx    "
ffound: 0.
Fri Mar  2 12:17:52 2018
Search term used: " rvJxgsia    " AND " rvJx    "
ffound: 0.
Fri Mar  2 12:17:52 2018
Search term used: " rvJxgsia    " AND " rvJx    "
ffound: 0.
Fri Mar  2 12:17:53 2018
Search term used: " rvJxgsia    " AND " rvJx    "
ffound: 0.
Fri Mar  2 12:17:53 2018
Search term used: " rvJxgsia    " AND " rvJx    "
ffound: 0.
Fri Mar  2 12:17:54 2018
Search term used: " rvJxgsia    " AND " 8950    "
ffound: 0.
Fri Mar  2 12:17:56 2018
Search term used: " rvJxgsia    " AND " rvJx'DdyqDk<'">pPRMiy    "
ffound: 0.
Fri Mar  2 12:17:59 2018
Search term used: " rvJxgsia    " AND " rvJx' AND 2856=7014 AND "
ffound: 0.
Fri Mar  2 12:18:00 2018
Search term used: " rvJxgsia    " AND " rvJx' AND 4078=4078 AND "
ffound: 0.
Fri Mar  2 12:18:02 2018
Search term used: " rvJxgsia    " AND " rvJx' AND 3061=6882 AND "
ffound: 0.
Fri Mar  2 12:18:04 2018
Search term used: " rvJxgsia    " AND " rvJx%' AND 6629=9823 AND "
ffound: 0.
Fri Mar  2 12:18:05 2018
Search term used: " rvJxgsia    " AND " rvJx%' AND 4078=4078 AND "
ffound: 0.
Fri Mar  2 12:18:07 2018
Search term used: " rvJxgsia    " AND " rvJx%' AND 9022=3524 AND "
ffound: 0.
Fri Mar  2 12:18:08 2018
Search term used: " rvJxgsia    " AND " rvJx AND 1040=3617  "
ffound: 0.
Fri Mar  2 12:18:10 2018
Search term used: " rvJxgsia    " AND " rvJx AND 4078=4078  "
ffound: 0.
Fri Mar  2 12:18:11 2018
Search term used: " rvJxgsia    " AND " rvJx AND 9820=9149  "
ffound: 0.
Fri Mar  2 12:18:12 2018
Search term used: " rvJxgsia    " AND " rvJx AND 5150=9103-- bOda "
ffound: 0.
Fri Mar  2 12:18:14 2018
Search term used: " rvJxgsia    " AND " rvJx AND 4078=4078-- Fahm "
ffound: 0.
Fri Mar  2 12:18:15 2018
Search term used: " rvJxgsia    " AND " rvJx AND 1292=7654-- lxks "
ffound: 0.
Fri Mar  2 12:18:17 2018
Search term used: " rvJxgsia    " 4220 " rvJx    "
ffound: 0.
Fri Mar  2 12:18:18 2018
Search term used: " rvJxgsia    " AND%2C%28%28.%29%28%22%27.. " rvJx    "
ffound: 0.
Fri Mar  2 12:18:20 2018
Search term used: " rvJxgsia    " AND%27WdGWqe%3C%27%22%3EBfNHLg " rvJx    "
ffound: 0.
Fri Mar  2 12:18:22 2018
Search term used: " rvJxgsia    " AND%27%29%20AND%208328%3D4963%20AND%20%28%27QPhz%27%3D%27QPhz " rvJx    "
ffound: 0.
Fri Mar  2 12:18:24 2018
Search term used: " rvJxgsia    " AND%27%29%20AND%207059%3D7059%20AND%20%28%27MKqU%27%3D%27MKqU " rvJx    "
ffound: 0.
Fri Mar  2 12:18:26 2018
Search term used: " rvJxgsia    " AND%27%29%20AND%205499%3D9166%20AND%20%28%27JJdr%27%3D%27JJdr " rvJx    "
ffound: 0.
Fri Mar  2 12:18:28 2018
Search term used: " rvJxgsia    " AND%27%20AND%201575%3D8457%20AND%20%27sEya%27%3D%27sEya " rvJx    "
ffound: 0.
Fri Mar  2 12:18:29 2018
Search term used: " rvJxgsia    " AND%27%20AND%207059%3D7059%20AND%20%27KwwM%27%3D%27KwwM " rvJx    "
ffound: 0.
Fri Mar  2 12:18:31 2018
Search term used: " rvJxgsia    " AND%27%20AND%206095%3D6876%20AND%20%27Mzcd%27%3D%27Mzcd " rvJx    "
ffound: 0.
Fri Mar  2 12:18:33 2018
Search term used: " rvJxgsia    " AND%25%27%20AND%209987%3D4092%20AND%20%27%25%27%3D%27 " rvJx    "
ffound: 0.
Fri Mar  2 12:18:34 2018
Search term used: " rvJxgsia    " AND%25%27%20AND%207059%3D7059%20AND%20%27%25%27%3D%27 " rvJx    "
ffound: 0.
Fri Mar  2 12:18:37 2018
Search term used: " rvJxgsia    " AND%25%27%20AND%202426%3D6742%20AND%20%27%25%27%3D%27 " rvJx    "
ffound: 0.
Fri Mar  2 12:18:38 2018
Search term used: " rvJxgsia    " AND%29%20AND%209830%3D9043%20AND%20%284501%3D4501 " rvJx    "
ffound: 0.
Fri Mar  2 12:18:41 2018
Search term used: " rvJxgsia    " AND%29%20AND%207059%3D7059%20AND%20%285693%3D5693 " rvJx    "
ffound: 0.
Fri Mar  2 12:18:42 2018
Search term used: " rvJxgsia    " AND%29%20AND%202421%3D8870%20AND%20%287153%3D7153 " rvJx    "
ffound: 0.
Fri Mar  2 12:18:45 2018
Search term used: " rvJxgsia    " AND%20AND%205211%3D8996 " rvJx    "
ffound: 0.
Fri Mar  2 12:18:47 2018
Search term used: " rvJxgsia    " AND%20AND%207059%3D7059 " rvJx    "
ffound: 0.
Fri Mar  2 12:18:49 2018
Search term used: " rvJxgsia    " AND%20AND%206837%3D5533 " rvJx    "
ffound: 0.
Fri Mar  2 12:18:50 2018
Search term used: " rvJxgsia    " AND%20AND%206757%3D7744--%20sjJl " rvJx    "
ffound: 0.
Fri Mar  2 12:18:52 2018
Search term used: " rvJxgsia    " AND%20AND%207059%3D7059--%20zljb " rvJx    "
ffound: 0.
Fri Mar  2 12:18:53 2018
Search term used: " rvJxgsia    " AND%20AND%203843%3D9977--%20kPqi " rvJx    "
ffound: 0.
Fri Mar  2 12:18:54 2018
Search term used: " rvJxgsia    " %28SELECT%20%28CASE%20WHEN%20%288838%3D4495%29%20THEN%208838%20ELSE%208838%2A%28SELECT%208838%20FROM%20INFORMATION_SCHEMA.PLUGINS%29%20END%29%29 " rvJx    "
ffound: 0.
Fri Mar  2 12:18:55 2018
Search term used: " rvJxgsia    " %28SELECT%20%28CASE%20WHEN%20%286769%3D6769%29%20THEN%206769%20ELSE%206769%2A%28SELECT%206769%20FROM%20INFORMATION_SCHEMA.PLUGINS%29%20END%29%29 " rvJx    "
ffound: 0.
Fri Mar  2 12:18:56 2018
Search term used: " rvJxgsia    " %28SELECT%20%28CASE%20WHEN%20%283901%3D1109%29%20THEN%203901%20ELSE%203901%2A%28SELECT%203901%20FROM%20INFORMATION_SCHEMA.PLUGINS%29%20END%29%29 " rvJx    "
ffound: 0.
Fri Mar  2 16:46:27 2018
Search term used: " Wastewater disinfection   " ffound: 0.
Fri Mar  2 16:46:55 2018
Search term used: " Wastewater    " AND " Wastewater    "
ffound: 4.
Wed Mar  7 07:06:22 2018
Search term used: " cathodic protection   " ffound: 7.
Wed Mar  7 09:47:42 2018
Search term used: " oxygen sensor   " Time covered: 1950 to 2018. Type of search: " omit "
bfound = 2.
Tue Mar 13 19:33:19 2018
Search term used: " Potassium ferrate   " ifound: 1.
Wed Mar 14 01:33:43 2018
Search term used: "     " . Country searched: .
gfound: 0.
Wed Mar 14 01:35:07 2018
Search term used: "     " ofound: 0.
Wed Mar 14 21:44:16 2018
Search term used: " alumin    " ffound: 9.
Wed Mar 14 21:45:14 2018
Search term used: " aluminium    " Time covered: 1950 to 2018. Type of search: " omit "
cfound = 4.
Wed Mar 14 21:46:53 2018
Search term used: " chapter 6 aluminium  " ffound: 0.
Wed Mar 14 21:47:13 2018
Search term used: " aluminium electrolysis   " ffound: 2.
Wed Mar 14 21:48:25 2018
Search term used: " electrochemical engineering   " Time covered: 1950 to 2018. Type of search: " omit "
cfound = 9.
Fri Mar 16 07:07:05 2018
Search term used: " microelectrode manufacture   " ffound: 0.
Fri Mar 16 07:07:29 2018
Search term used: " microelectrode    " ffound: 9.
Mon Mar 19 16:11:27 2018
Search term used: "     " Time covered: 1950 to 2018. Type of search: "  "
Mon Mar 19 16:13:44 2018
Search term used: "     " ifound: 0.
Tue Mar 20 09:21:40 2018
Search term used: "     " ofound: 0.
Thu Mar 22 13:03:09 2018
Search term used: "     " . Country searched: .
gfound: 0.
Sun Mar 25 04:47:44 2018
Search term used: "     " . Country searched: .
gfound: 0.
Wed Mar 28 05:03:25 2018
Search term used: " Photoelectrochemistry    " Time covered: 1950 to 2018. Type of search: " omit "
cfound = 22.
Wed Mar 28 05:05:10 2018
Search term used: "     " Time covered: 1950 to 2018. Type of search: "  "
Fri Mar 30 17:04:40 2018
Search term used: "     " . Country searched: .
gfound: 0.
Fri Mar 30 17:34:56 2018
Search term used: "     " ofound: 0.
