Mon Feb  5 05:15:30 2018
Search term used: "     " ofound: 0.
Mon Feb  5 05:22:36 2018
Search term used: "     " . Country searched: .
gfound: 0.
Mon Feb  5 17:31:52 2018
Search term used: " sampled current voltammetry  " ffound: 0.
Wed Feb  7 08:55:11 2018
Search term used: " geometry tubular fuel cell " ffound: 0.
Wed Feb  7 08:56:08 2018
Search term used: " solid oxid fuel cell " ffound: 0.
Wed Feb  7 08:56:20 2018
Search term used: " solid oxid fuel cell " ffound: 0.
Sun Feb 11 10:16:53 2018
Search term used: "     " ifound: 0.
Sun Feb 11 10:23:54 2018
Search term used: "     " Time covered: 1950 to 2018. Type of search: "  "
Mon Feb 12 03:40:57 2018
Search term used: "     " . Country searched: INDIA.
gfound: 0.
Tue Feb 20 18:11:44 2018
Search term used: " food    " . Country searched: all.
gfound: 6.
Sun Feb 25 07:44:41 2018
Search term used: "     " . Country searched: .
gfound: 0.
Sun Feb 25 07:46:32 2018
Search term used: "     " ofound: 0.
Tue Feb 27 21:22:14 2018
Search term used: " iowa    " . Country searched: all.
gfound: 0.
