Wed Aug  1 07:29:33 2018
Search term used: "     " ifound: 0.
Thu Aug  2 10:10:20 2018
Search term used: " newmann    " Time covered: 1950 to 2018. Type of search: " omit "
bfound = 0.
Thu Aug  2 10:10:30 2018
Search term used: " newman    " Time covered: 1950 to 2018. Type of search: " omit "
bfound = 4.
Sun Aug  5 10:57:53 2018
Search term used: "     " . Country searched: .
gfound: 0.
Sun Aug  5 20:34:11 2018
Search term used: "     " ofound: 0.
Wed Aug  8 18:20:00 2018
Search term used: "     " . Country searched: .
gfound: 0.
Wed Aug  8 18:40:31 2018
Search term used: "     " . Country searched: .
gfound: 0.
Wed Aug  8 19:04:21 2018
Search term used: "     " . Country searched: .
gfound: 0.
Wed Aug  8 19:59:03 2018
Search term used: "     " . Country searched: .
gfound: 0.
Wed Aug  8 21:03:27 2018
Search term used: "     " . Country searched: .
gfound: 0.
Wed Aug  8 22:01:46 2018
Search term used: "     " . Country searched: .
gfound: 0.
Wed Aug  8 22:04:21 2018
Search term used: "     " . Country searched: .
gfound: 0.
Wed Aug  8 22:22:40 2018
Search term used: "     " . Country searched: .
gfound: 0.
Wed Aug  8 23:22:26 2018
Search term used: "     " . Country searched: .
gfound: 0.
Wed Aug  8 23:23:25 2018
Search term used: "     " . Country searched: .
gfound: 0.
Thu Aug  9 00:05:05 2018
Search term used: "     " . Country searched: .
gfound: 0.
Thu Aug  9 00:41:54 2018
Search term used: "     " . Country searched: .
gfound: 0.
Thu Aug  9 01:23:19 2018
Search term used: "     " . Country searched: .
gfound: 0.
Thu Aug  9 01:41:51 2018
Search term used: "     " . Country searched: .
gfound: 0.
Thu Aug  9 02:04:32 2018
Search term used: "     " . Country searched: .
gfound: 0.
Thu Aug  9 03:02:34 2018
Search term used: "     " . Country searched: .
gfound: 0.
Thu Aug  9 03:04:25 2018
Search term used: "     " . Country searched: .
gfound: 0.
Thu Aug  9 03:24:05 2018
Search term used: "     " . Country searched: .
gfound: 0.
Thu Aug  9 04:03:04 2018
Search term used: "     " . Country searched: .
gfound: 0.
Thu Aug  9 04:05:52 2018
Search term used: "     " . Country searched: .
gfound: 0.
Thu Aug  9 05:05:33 2018
Search term used: "     " . Country searched: .
gfound: 0.
Thu Aug  9 05:43:29 2018
Search term used: "     " . Country searched: .
gfound: 0.
Thu Aug  9 07:41:07 2018
Search term used: "     " . Country searched: .
gfound: 0.
Thu Aug  9 07:42:19 2018
Search term used: "     " . Country searched: .
gfound: 0.
Thu Aug  9 07:45:31 2018
Search term used: "     " . Country searched: .
gfound: 0.
Thu Aug  9 10:01:23 2018
Search term used: "     " . Country searched: .
gfound: 0.
Thu Aug  9 10:03:59 2018
Search term used: "     " . Country searched: .
gfound: 0.
Thu Aug  9 11:00:16 2018
Search term used: "     " . Country searched: .
gfound: 0.
Thu Aug  9 11:03:05 2018
Search term used: "     " . Country searched: .
gfound: 0.
Thu Aug  9 11:24:16 2018
Search term used: "     " . Country searched: .
gfound: 0.
Thu Aug  9 12:55:04 2018
Search term used: "     " . Country searched: .
gfound: 0.
Thu Aug  9 19:42:54 2018
Search term used: "     " . Country searched: .
gfound: 0.
Fri Aug 10 01:58:09 2018
Search term used: "     " ofound: 0.
Fri Aug 10 17:35:15 2018
Search term used: "     " ifound: 0.
Fri Aug 10 22:54:24 2018
Search term used: " MAO    " . Country searched: UNITED STATES OF AMERICA.
gfound: 0.
Fri Aug 10 22:54:51 2018
Search term used: " PRASANT KUMTA   " . Country searched: UNITED STATES OF AMERICA.
gfound: 0.
Thu Aug 16 06:30:22 2018
Search term used: "     " . Country searched: .
gfound: 0.
Thu Aug 16 08:09:52 2018
Search term used: "     " . Country searched: .
gfound: 0.
Thu Aug 16 09:49:15 2018
Search term used: "     " . Country searched: .
gfound: 0.
Thu Aug 16 11:33:57 2018
Search term used: "     " . Country searched: .
gfound: 0.
Thu Aug 16 13:01:30 2018
Search term used: "     " . Country searched: .
gfound: 0.
Thu Aug 16 13:30:52 2018
Search term used: "     " . Country searched: .
gfound: 0.
Thu Aug 16 14:57:59 2018
Search term used: "     " . Country searched: .
gfound: 0.
Thu Aug 16 17:27:54 2018
Search term used: "     " . Country searched: .
gfound: 0.
Thu Aug 16 20:02:14 2018
Search term used: "     " . Country searched: .
gfound: 0.
Fri Aug 17 03:14:05 2018
Search term used: "     " . Country searched: .
gfound: 0.
Fri Aug 17 05:30:21 2018
Search term used: "     " . Country searched: .
gfound: 0.
Fri Aug 17 06:25:34 2018
Search term used: "     " . Country searched: .
gfound: 0.
Sat Aug 18 00:39:45 2018
Search term used: "     " . Country searched: .
gfound: 0.
Sat Aug 18 06:46:13 2018
Search term used: "     " ofound: 0.
Sat Aug 18 23:27:43 2018
Search term used: "     " ifound: 0.
Sun Aug 19 18:47:10 2018
Search term used: "     " ifound: 0.
Tue Aug 21 05:48:24 2018
Search term used: " ecm    " Time covered: 1950 to 2018. Type of search: " omit "
pfound = 0.
Tue Aug 21 05:48:52 2018
Search term used: " electrochemical machining   " Time covered: 1950 to 2018. Type of search: " omit "
pfound = 1.
Wed Aug 22 19:06:33 2018
Search term used: "     " Time covered: 1950 to 2018. Type of search: "  "
Thu Aug 23 02:36:57 2018
Search term used: " electropolishing    " ffound: 5.
Fri Aug 24 10:35:48 2018
Search term used: "     " . Country searched: .
gfound: 0.
Fri Aug 24 11:49:55 2018
Search term used: "     " . Country searched: .
gfound: 0.
Fri Aug 24 13:32:10 2018
Search term used: "     " . Country searched: .
gfound: 0.
Fri Aug 24 13:33:02 2018
Search term used: "     " . Country searched: .
gfound: 0.
Fri Aug 24 16:00:23 2018
Search term used: "     " . Country searched: .
gfound: 0.
Fri Aug 24 17:10:47 2018
Search term used: "     " . Country searched: .
gfound: 0.
Sat Aug 25 09:43:16 2018
Search term used: " MIlner    " ffound: 2.
Sat Aug 25 10:58:16 2018
Search term used: "     " . Country searched: .
gfound: 0.
Sat Aug 25 11:48:48 2018
Search term used: "     " . Country searched: .
gfound: 0.
Sat Aug 25 14:48:56 2018
Search term used: "     " . Country searched: .
gfound: 0.
Sat Aug 25 18:48:59 2018
Search term used: "     " . Country searched: .
gfound: 0.
Sun Aug 26 03:28:05 2018
Search term used: "     " . Country searched: .
gfound: 0.
Sun Aug 26 08:46:07 2018
Search term used: "     " . Country searched: .
gfound: 0.
Mon Aug 27 02:56:56 2018
Search term used: "     " . Country searched: .
gfound: 0.
Mon Aug 27 04:47:49 2018
Search term used: "     " . Country searched: .
gfound: 0.
Mon Aug 27 07:40:13 2018
Search term used: "     " . Country searched: .
gfound: 0.
Mon Aug 27 08:36:58 2018
Search term used: "     " . Country searched: .
gfound: 0.
Mon Aug 27 11:01:27 2018
Search term used: "     " . Country searched: .
gfound: 0.
Mon Aug 27 13:50:48 2018
Search term used: "     " . Country searched: .
gfound: 0.
Mon Aug 27 13:52:54 2018
Search term used: "     " . Country searched: .
gfound: 0.
Mon Aug 27 14:48:01 2018
Search term used: "     " . Country searched: .
gfound: 0.
Mon Aug 27 17:43:28 2018
Search term used: "     " . Country searched: .
gfound: 0.
Mon Aug 27 18:56:52 2018
Search term used: "     " . Country searched: .
gfound: 0.
Mon Aug 27 20:53:53 2018
Search term used: "     " . Country searched: .
gfound: 0.
Tue Aug 28 04:41:59 2018
Search term used: "     " . Country searched: .
gfound: 0.
Tue Aug 28 04:46:32 2018
Search term used: "     " . Country searched: .
gfound: 0.
Tue Aug 28 09:52:42 2018
Search term used: "     " . Country searched: .
gfound: 0.
Tue Aug 28 12:33:06 2018
Search term used: "     " . Country searched: .
gfound: 0.
Tue Aug 28 12:56:21 2018
Search term used: "     " . Country searched: .
gfound: 0.
Tue Aug 28 14:59:24 2018
Search term used: "     " . Country searched: .
gfound: 0.
Tue Aug 28 15:13:25 2018
Search term used: "     " . Country searched: .
gfound: 0.
Tue Aug 28 17:47:16 2018
Search term used: "     " . Country searched: .
gfound: 0.
Tue Aug 28 18:19:46 2018
Search term used: "     " . Country searched: .
gfound: 0.
Tue Aug 28 18:50:50 2018
Search term used: "     " . Country searched: .
gfound: 0.
Wed Aug 29 03:43:33 2018
Search term used: "     " . Country searched: .
gfound: 0.
Wed Aug 29 04:31:53 2018
Search term used: "     " . Country searched: .
gfound: 0.
Wed Aug 29 05:31:25 2018
Search term used: "     " . Country searched: .
gfound: 0.
Wed Aug 29 14:30:35 2018
Search term used: " palladium    " AND " tri-metal    "
Time covered: 1950 to 2018. Type of search: " omit "
pfound = 0.
Wed Aug 29 14:30:59 2018
Search term used: " tri-metal    " Time covered: 1950 to 2018. Type of search: " omit "
pfound = 0.
Wed Aug 29 14:31:21 2018
Search term used: " palladium    " AND " tin    "
Time covered: 1950 to 2018. Type of search: " omit "
pfound = 0.
Wed Aug 29 14:31:31 2018
Search term used: " palladium    " Time covered: 1950 to 2018. Type of search: " omit "
pfound = 0.
Wed Aug 29 14:31:47 2018
Search term used: " palladium    " Time covered: 1950 to 2018. Type of search: " omit "
bfound = 0.
pfound = 0.
Wed Aug 29 14:32:25 2018
Search term used: " palladium    " Time covered: 1950 to 2018. Type of search: " no_omit "
bfound = 0.
pfound = 0.
Wed Aug 29 14:32:35 2018
Search term used: " palladium    " Time covered: 1950 to 2018. Type of search: " no_omit "
bfound = 0.
cfound = 11.
pfound = 0.
Wed Aug 29 14:32:50 2018
Search term used: " palladium    " AND " tin    "
Time covered: 1950 to 2018. Type of search: " no_omit "
bfound = 0.
cfound = 0.
pfound = 0.
Wed Aug 29 14:32:58 2018
Search term used: " palladium    " Time covered: 1950 to 2018. Type of search: " no_omit "
bfound = 0.
cfound = 11.
pfound = 0.
Thu Aug 30 18:38:43 2018
Search term used: "     " ifound: 0.
