Wed Jan  3 13:49:02 2018
Search term used: " supercapacitors    " ffound: 5.
Sat Jan  6 03:09:56 2018
Search term used: "     " . Country searched: .
gfound: 0.
Sat Jan  6 03:29:56 2018
Search term used: "     " ofound: 0.
Thu Jan 11 02:39:38 2018
Search term used: "     " Time covered: 1950 to 2018. Type of search: "  "
Fri Jan 19 00:59:25 2018
Search term used: "     " ffound: 0.
Sun Jan 21 05:55:14 2018
Search term used: "     " . Country searched: .
gfound: 0.
Sun Jan 21 06:04:45 2018
Search term used: "     " ofound: 0.
Fri Jan 26 03:27:15 2018
Search term used: " square wave voltammetry  " ffound: 2.
Fri Jan 26 07:41:10 2018
Search term used: "     " ifound: 0.
Fri Jan 26 07:46:16 2018
Search term used: "     " Time covered: 1950 to 2018. Type of search: "  "
Fri Jan 26 14:14:16 2018
Search term used: " primary batteries   " ifound: 0.
Fri Jan 26 22:02:14 2018
Search term used: " wastewater    " Time covered: 1950 to 2018. Type of search: " omit "
pfound = 0.
Fri Jan 26 22:02:25 2018
Search term used: " oxidation    " Time covered: 1950 to 2018. Type of search: " omit "
pfound = 1.
Sun Jan 28 07:05:21 2018
Search term used: " stress corrosion   " ffound: 2.
