Wed Jun  3 16:45:30 2015
Search term used: " transport    " Time covered: 1950 to 2015. Type of search: " omit "
cfound = 134.
Wed Jun  3 16:45:44 2015
Search term used: " transport membrane   " Time covered: 1950 to 2015. Type of search: " omit "
cfound = 0.
Wed Jun  3 16:46:16 2015
Search term used: " transport    " AND " membrane    "
Time covered: 1950 to 2015. Type of search: " omit "
cfound = 32.
Wed Jun  3 16:46:25 2015
Search term used: "     " Time covered: 1950 to 2015. Type of search: "  "
Wed Jun  3 16:46:39 2015
Search term used: "     " Time covered: 1950 to 2015. Type of search: "  "
Wed Jun  3 16:47:41 2015
Search term used: "     " Time covered: 1950 to 2015. Type of search: "  "
Wed Jun  3 22:23:21 2015
Search term used: " f.keller    " ffound: 0.
Thu Jun  4 04:01:31 2015
Search term used: " copper plating   " ifound: 1.
Thu Jun  4 04:02:23 2015
Search term used: " peg    " ifound: 0.
Sat Jun  6 12:04:09 2015
Search term used: " PSA membrane   " ffound: 0.
Fri Jun 12 12:34:20 2015
Search term used: " thermal cells   " ifound: 0.
Fri Jun 12 12:34:32 2015
Search term used: " in present use  " ifound: 0.
Wed Jun 17 15:16:33 2015
Search term used: " hard gold   " Time covered: 1950 to 2015. Type of search: " omit "
bfound = 0.
Wed Jun 17 15:17:12 2015
Search term used: " gold    " Time covered: 1950 to 2015. Type of search: " no_omit "
bfound = 2.
Mon Jun 22 07:01:48 2015
Search term used: " dispersant    " ffound: 0.
Mon Jun 22 07:01:59 2015
Search term used: " surfactant    " ffound: 3.
Mon Jun 22 08:44:10 2015
Search term used: " Electrodeposition of Metal Powders " ffound: 2.
Mon Jun 22 08:44:29 2015
Search term used: " Electrodeposition of Metal Powders " Exact search. (No "wildcards" as leading or trailing characters.)
ffound: 2.
