Thu Mar  2 08:01:34 2017
Search term used: " Electrochemical Impedance Spectroscopy  " ffound: 6.
Thu Mar  2 09:56:34 2017
Search term used: " glucose fuel cell  " ffound: 0.
Thu Mar  2 09:56:43 2017
Search term used: " glucose    " ffound: 5.
Sun Mar  5 01:53:10 2017
Search term used: " electrolysis of a aqueous " ifound: 0.
Mon Mar  6 10:37:42 2017
Search term used: " surface finish   " ffound: 6.
Wed Mar 15 07:02:46 2017
Search term used: " reference electrodes temperature range " Exact search. (No "wildcards" as leading or trailing characters.)
ffound: 0.
Wed Mar 15 07:03:05 2017
Search term used: " reference electrodes   " Exact search. (No "wildcards" as leading or trailing characters.)
ffound: 6.
Sat Mar 18 00:12:41 2017
Search term used: "     " ffound: 0.
Sat Mar 18 05:10:15 2017
Search term used: "     " ifound: 0.
Sat Mar 18 05:10:40 2017
Search term used: "     " Time covered: 1950 to 2017. Type of search: "  "
Sat Mar 18 05:10:40 2017
Search term used: "     " ofound: 0.
Sat Mar 18 05:10:42 2017
Search term used: "     " . Country searched: .
gfound: 0.
Sun Mar 19 05:56:05 2017
Search term used: "     " Time covered: 1950 to 2017. Type of search: "  "
Thu Mar 23 03:26:23 2017
Search term used: " Volmer    " ffound: 2.
