Tue Apr  5 18:56:19 2016
Search term used: " molten salt   " ffound: 8.
Mon Apr 11 13:12:56 2016
Search term used: " stern    " ffound: 8.
Thu Apr 21 03:42:37 2016
Search term used: " electrochemical reduction of CO2 " AND " ultrasonic    "
ffound: 0.
Thu Apr 21 03:43:00 2016
Search term used: " reduction    " ffound: 11.
Thu Apr 21 06:33:49 2016
Search term used: " 540.click    "  " Electrolytic manufacture of Aluminium "
ffound: 0.
Fri Apr 22 05:29:11 2016
Search term used: " volmer    " ffound: 2.
Fri Apr 22 05:38:22 2016
Search term used: " vomer    " ffound: 0.
Fri Apr 22 05:38:26 2016
Search term used: " volmer    " ffound: 2.
Tue Apr 26 11:46:36 2016
Search term used: "     " ffound: 0.
Tue Apr 26 12:05:10 2016
Search term used: "     " . Country searched: .
gfound: 0.
Tue Apr 26 12:05:12 2016
Search term used: "     " Time covered: 1950 to 2016. Type of search: "  "
Tue Apr 26 12:05:13 2016
Search term used: "     " ofound: 0.
