Sun Jul  1 12:39:50 2018
Search term used: " Nernst    " ffound: 7.
Thu Jul  5 04:36:23 2018
Search term used: "     " . Country searched: .
gfound: 0.
Mon Jul  9 21:57:59 2018
Search term used: " Paciej    " Time covered: 1950 to 2018. Type of search: " omit "
pfound = 0.
Wed Jul 11 04:47:01 2018
Search term used: " debye    " ffound: 4.
Wed Jul 11 06:10:23 2018
Search term used: "     " ifound: 0.
Wed Jul 11 12:08:01 2018
Search term used: " CPP    " ffound: 1.
Wed Jul 11 22:25:53 2018
Search term used: "     " Time covered: 1950 to 2018. Type of search: "  "
Fri Jul 13 18:09:46 2018
Search term used: "     " ofound: 0.
Mon Jul 16 07:11:12 2018
Search term used: " phani    " ffound: 2.
Tue Jul 17 08:19:04 2018
Search term used: "     " . Country searched: .
gfound: 0.
Sun Jul 22 22:24:50 2018
Search term used: "     " ffound: 0.
Sun Jul 22 22:24:50 2018
Search term used: "     " Time covered: 1950 to 2018. Type of search: "  "
Sun Jul 22 22:24:52 2018
Search term used: "     " ifound: 0.
Sun Jul 22 22:24:56 2018
Search term used: "     " . Country searched: .
gfound: 0.
Sun Jul 22 22:24:56 2018
Search term used: "     " ofound: 0.
Mon Jul 23 23:21:39 2018
Search term used: "     " . Country searched: .
gfound: 0.
Tue Jul 24 02:58:15 2018
Search term used: "     " . Country searched: .
gfound: 0.
Tue Jul 24 06:30:55 2018
Search term used: "     " . Country searched: .
gfound: 0.
Thu Jul 26 20:07:55 2018
Search term used: "     " Time covered: 1950 to 2018. Type of search: "  "
Fri Jul 27 22:14:05 2018
Search term used: "     " . Country searched: .
gfound: 0.
