Sat Jun  1 19:46:35 2019
Search term used: "     " . Country searched: .
gfound: 0.
Sun Jun  2 19:00:06 2019
Search term used: "     " . Country searched: .
gfound: 0.
Mon Jun  3 00:47:03 2019
Search term used: "     " ifound: 0.
Tue Jun  4 13:11:39 2019
Search term used: "     " ifound: 0.
Tue Jun  4 22:43:34 2019
Search term used: " MnO2    " ffound: 0.
Tue Jun  4 22:43:49 2019
Search term used: " Manganese    " ffound: 7.
Wed Jun  5 22:54:54 2019
Search term used: "     " Time covered: 1950 to 2019. Type of search: "  "
Thu Jun  6 15:01:24 2019
Search term used: "     " Time covered: 1950 to 2019. Type of search: "  "
Sun Jun  9 13:27:11 2019
Search term used: "     " . Country searched: .
gfound: 0.
Wed Jun 12 14:03:23 2019
Search term used: "     " . Country searched: .
gfound: 0.
Wed Jun 12 21:55:49 2019
Search term used: "     " ifound: 0.
Fri Jun 14 19:32:02 2019
Search term used: "     " ofound: 0.
Sat Jun 15 15:02:04 2019
Search term used: "     " ofound: 0.
Mon Jun 17 11:30:37 2019
Search term used: "     " ifound: 0.
Tue Jun 18 21:40:47 2019
Search term used: "     " Time covered: 1950 to 2019. Type of search: "  "
Wed Jun 19 15:40:01 2019
Search term used: "     " Time covered: 1950 to 2019. Type of search: "  "
Sat Jun 22 07:14:01 2019
Search term used: "     " . Country searched: .
gfound: 0.
Tue Jun 25 00:10:46 2019
Search term used: "     " . Country searched: .
gfound: 0.
Tue Jun 25 07:39:53 2019
Search term used: "     " ifound: 0.
Thu Jun 27 04:02:23 2019
Search term used: "     " ofound: 0.
