Mon Aug  3 04:17:48 2015
Search term used: " Principles of Electrochemical Machining " Exact search. (No "wildcards" as leading or trailing characters.)
ffound: 1.
Tue Aug  4 03:29:03 2015
Search term used: " Zur Theorie der Wasserstoffüberspannung " ffound: 1.
Fri Aug  7 12:44:16 2015
Search term used: " material removal rate model " ffound: 0.
Sat Aug  8 02:13:25 2015
Search term used: "     " . Country searched: INDIA.
gfound: 0.
Mon Aug 10 17:50:46 2015
Search term used: "     " ffound: 0.
Mon Aug 10 17:50:55 2015
Search term used: "     " ifound: 0.
Mon Aug 10 17:51:03 2015
Search term used: "     " . Country searched: .
gfound: 0.
Mon Aug 10 17:51:03 2015
Search term used: "     " Time covered: 1950 to 2015. Type of search: "  "
Mon Aug 10 17:51:03 2015
Search term used: "     " ofound: 0.
Fri Aug 14 11:29:46 2015
Search term used: " jayawickrem    " Time covered: 1950 to 2015. Type of search: " omit "
cfound = 0.
Fri Aug 14 11:30:36 2015
Search term used: " jayawickrem and Blackies  " Time covered: 1950 to 2015. Type of search: " omit "
cfound = 0.
Fri Aug 14 11:31:33 2015
Search term used: " jayawickrem and Blackies 2012 " Time covered: 1950 to 2015. Type of search: " omit "
cfound = 0.
Fri Aug 14 11:31:48 2015
Search term used: " jayawickrem    " Time covered: 1950 to 2015. Type of search: " omit "
cfound = 0.
Mon Aug 17 05:37:57 2015
Search term used: "     " . Country searched: KOREA.
gfound: 0.
Wed Aug 19 08:23:56 2015
Search term used: " platinum    " Time covered: 1950 to 2015. Type of search: " omit "
cfound = 40.
Wed Aug 19 08:25:20 2015
Search term used: "     " Time covered: 1950 to 2015. Type of search: "  "
Wed Aug 19 09:20:49 2015
Search term used: " Impedance    " ifound: 13.
Wed Aug 19 23:03:38 2015
Search term used: "     " ifound: 0.
Thu Aug 20 04:17:00 2015
Search term used: "     " ifound: 0.
Thu Aug 20 04:34:51 2015
Search term used: " electroless nickel boron  " Time covered: 1950 to 2015. Type of search: " omit "
bfound = 0.
Sun Aug 23 19:01:10 2015
Search term used: " Gewirth    " . Country searched: all.
gfound: 1.
Tue Aug 25 03:13:13 2015
Search term used: " ph measurement   " ifound: 1.
Mon Aug 31 10:15:20 2015
Search term used: " bio-logic    " ffound: 1.
