Thu Apr  5 05:26:01 2018
Search term used: "     " ifound: 0.
Thu Apr  5 05:55:22 2018
Search term used: "     " Time covered: 1950 to 2018. Type of search: "  "
Mon Apr  9 02:18:25 2018
Search term used: " Li ion battery  " . Country searched: all.
gfound: 0.
Mon Apr  9 02:18:44 2018
Search term used: " Li ion battery  " . Country searched: all.
Exact search. (No "wildcards" as leading or trailing characters.)
gfound: 0.
Mon Apr  9 02:19:10 2018
Search term used: "     " AND " Li ion battery  ". Country searched: all.  
Exact search. (No "wildcards" as leading or trailing characters.)
gfound: 0.
Mon Apr  9 02:19:25 2018
Search term used: " Battery    " . Country searched: all.
Exact search. (No "wildcards" as leading or trailing characters.)
gfound: 41.
Mon Apr  9 02:20:11 2018
Search term used: " Li ion battery  " . Country searched: all.
Exact search. (No "wildcards" as leading or trailing characters.)
gfound: 0.
Mon Apr  9 02:20:39 2018
Search term used: " Battery    " . Country searched: all.
Exact search. (No "wildcards" as leading or trailing characters.)
gfound: 41.
Wed Apr 11 05:41:00 2018
Search term used: "     " . Country searched: .
gfound: 0.
Thu Apr 12 10:11:53 2018
Search term used: "     " ffound: 0.
Thu Apr 12 10:11:54 2018
Search term used: "     " . Country searched: .
gfound: 0.
Thu Apr 12 10:12:56 2018
Search term used: "     " ifound: 0.
Thu Apr 12 10:12:56 2018
Search term used: "     " Time covered: 1950 to 2018. Type of search: "  "
Fri Apr 13 01:29:35 2018
Search term used: " Energy storage   " . Country searched: all.
gfound: 28.
Fri Apr 13 08:45:35 2018
Search term used: "     " ofound: 0.
Fri Apr 13 08:51:13 2018
Search term used: "     " . Country searched: .
gfound: 0.
Mon Apr 16 23:52:33 2018
Search term used: " 2002-5    " Time covered: 1950 to 2018. Type of search: " omit "
pfound = 1.
Tue Apr 17 13:18:10 2018
Search term used: "     " . Country searched: INDIA.
gfound: 0.
Tue Apr 17 13:48:56 2018
Search term used: "     " ofound: 0.
Tue Apr 17 14:04:33 2018
Search term used: "     " . Country searched: .
gfound: 0.
Tue Apr 17 14:34:24 2018
Search term used: "     " Time covered: 1950 to 2018. Type of search: "  "
Tue Apr 24 05:45:24 2018
Search term used: "     " ifound: 0.
Tue Apr 24 06:18:29 2018
Search term used: "     " Time covered: 1950 to 2018. Type of search: "  "
