Fri Nov  2 06:23:44 2018
Search term used: "     " ofound: 0.
Sun Nov  4 06:56:51 2018
Search term used: "     " ifound: 0.
Sun Nov  4 22:43:05 2018
Search term used: "     " ofound: 0.
Tue Nov  6 14:56:32 2018
Search term used: " phosphatizing    " ffound: 0.
Tue Nov  6 14:56:43 2018
Search term used: " phosphating    " ffound: 2.
Tue Nov  6 14:56:54 2018
Search term used: " phosphat    " ffound: 3.
Tue Nov  6 15:53:06 2018
Search term used: " CV    " ffound: 7.
Tue Nov  6 22:59:21 2018
Search term used: " electroplating    " Time covered: 1950 to 2018. Type of search: " omit "
bfound = 80.
Thu Nov  8 07:47:09 2018
Search term used: "     " ifound: 0.
Thu Nov  8 08:35:48 2018
Search term used: "     " ifound: 0.
Sun Nov 11 19:28:52 2018
Search term used: "     " ifound: 0.
Mon Nov 12 00:46:40 2018
Search term used: "     " ofound: 0.
Mon Nov 12 14:12:31 2018
Search term used: " electrocell, skjem, denmark  " ffound: 0.
Mon Nov 12 18:00:51 2018
Search term used: " willihnganz    " Time covered: 1950 to 2018. Type of search: " omit "
pfound = 0.
Tue Nov 13 20:34:08 2018
Search term used: "     " ifound: 0.
Wed Nov 14 01:59:32 2018
Search term used: "     " ofound: 0.
Thu Nov 15 03:37:11 2018
Search term used: "     " ifound: 0.
Fri Nov 16 02:59:44 2018
Search term used: "     " ifound: 0.
Fri Nov 16 03:50:26 2018
Search term used: "     " ifound: 0.
Fri Nov 16 19:29:05 2018
Search term used: "     " ifound: 0.
Fri Nov 16 23:31:54 2018
Search term used: "     " ofound: 0.
Sun Nov 18 19:42:29 2018
Search term used: "     " . Country searched: .
gfound: 0.
Mon Nov 19 07:59:59 2018
Search term used: "     " ofound: 0.
Tue Nov 20 04:06:26 2018
Search term used: " conference    " ffound: 2.
Tue Nov 20 04:46:39 2018
Search term used: "     " . Country searched: .
gfound: 0.
Tue Nov 20 19:33:06 2018
Search term used: "     " ifound: 0.
Thu Nov 22 21:28:42 2018
Search term used: "     " Time covered: 1950 to 2018. Type of search: "  "
Sat Nov 24 18:17:53 2018
Search term used: "     " ifound: 0.
Sun Nov 25 05:28:18 2018
Search term used: "     " Time covered: 1950 to 2018. Type of search: "  "
Mon Nov 26 11:29:03 2018
Search term used: "     " Time covered: 1950 to 2018. Type of search: "  "
Fri Nov 30 21:03:59 2018
Search term used: "     " ifound: 0.
