Thu Oct  6 11:35:23 2016
Search term used: "     " Time covered: 1950 to 2016. Type of search: "  "
Thu Oct  6 18:02:27 2016
Search term used: " standard hydrogen electrode  " ffound: 1.
Fri Oct 14 16:47:31 2016
Search term used: " Cyclic voltammetry   " ffound: 8.
Mon Oct 17 21:26:21 2016
Search term used: " Advanced Anode Materials for " ffound: 1.
Fri Oct 21 07:56:19 2016
Search term used: " pdeis    " ffound: 1.
Fri Oct 21 08:28:02 2016
Search term used: "     " Time covered: 1950 to 2016. Type of search: "  "
Mon Oct 24 03:38:28 2016
Search term used: "     " ffound: 0.
Mon Oct 24 06:43:20 2016
Search term used: " reversible reaction   " ffound: 0.
Mon Oct 24 06:43:34 2016
Search term used: " reversible    " ffound: 5.
Tue Oct 25 04:19:17 2016
Search term used: " electronuetrality    " ffound: 0.
Mon Oct 31 23:37:58 2016
Search term used: " Crystalline Aluminum Oxide Films " ffound: 0.
