Thu Jun  2 17:47:45 2016
Search term used: " manufactures    " ifound: 0.
Thu Jun  2 17:48:00 2016
Search term used: " zahner    " ifound: 0.
Sat Jun  4 22:51:51 2016
Search term used: " Co    " ifound: 351.
Sat Jun  4 22:52:19 2016
Search term used: " Co(¢ô)    " ifound: 0.
Sat Jun  4 22:53:05 2016
Search term used: " Co(¢ô)    " . Country searched: all.
gfound: 0.
Wed Jun  8 15:24:53 2016
Search term used: " conductivity measurements   " ffound: 2.
Wed Jun  8 17:00:49 2016
Search term used: " how to calculate solution " ffound: 0.
Wed Jun  8 17:01:00 2016
Search term used: " solution impedence   " ffound: 0.
Wed Jun  8 17:01:26 2016
Search term used: " solution impedance   " ffound: 0.
Wed Jun  8 17:01:36 2016
Search term used: " impedance    " ffound: 9.
Thu Jun  9 11:03:59 2016
Search term used: " hupp    " ffound: 3.
Sun Jun 12 08:48:03 2016
Search term used: " CVD    " ffound: 2.
Wed Jun 22 11:47:48 2016
Search term used: " qcm    " ffound: 3.
Wed Jun 22 11:49:33 2016
Search term used: " qcm    " Time covered: 1950 to 2016. Type of search: " no_omit "
cfound = 1.
Wed Jun 22 16:30:01 2016
Search term used: " Corrosion rate cell  " Time covered: 1950 to 2016. Type of search: " omit "
cfound = 0.
