Mon Sep  2 05:04:10 2019
Search term used: " Galvani    " ffound: 11.
Thu Sep  5 17:09:48 2019
Search term used: "     " . Country searched: .
gfound: 0.
Sat Sep  7 15:25:44 2019
Search term used: "     " ofound: 0.
Mon Sep  9 00:09:16 2019
Search term used: "     " ifound: 0.
Mon Sep  9 03:20:45 2019
Search term used: " Electochemistry    " NOT " https://urgentnotes.blogspot.com/2019/09/electrochemistry.html    "
ifound: 0.
Mon Sep  9 19:31:28 2019
Search term used: "     " Time covered: 1950 to 2019. Type of search: "  "
Fri Sep 13 02:45:43 2019
Search term used: "     " . Country searched: .
gfound: 0.
Sun Sep 15 05:53:10 2019
Search term used: "     " ofound: 0.
Mon Sep 16 15:26:43 2019
Search term used: "     " ifound: 0.
Tue Sep 17 18:18:27 2019
Search term used: "     " Time covered: 1950 to 2019. Type of search: "  "
Sun Sep 22 19:31:57 2019
Search term used: "     " . Country searched: .
gfound: 0.
Mon Sep 23 03:15:06 2019
Search term used: " Android    " ifound: 0.
Mon Sep 23 03:15:35 2019
Search term used: "     " AND " Android    "
ifound: 0.
Tue Sep 24 20:08:41 2019
Search term used: "     " ofound: 0.
Wed Sep 25 14:01:10 2019
Search term used: " EIS    " ffound: 9.
Wed Sep 25 14:01:24 2019
Search term used: " impedance spectroscopy   " ffound: 8.
Thu Sep 26 04:28:50 2019
Search term used: "     " ifound: 0.
Mon Sep 30 15:11:51 2019
Search term used: " plating photo resist  " Time covered: 2015 to 2019. Type of search: " omit "
pfound = 0.
Mon Sep 30 16:18:30 2019
Search term used: " plating photo resist  " Time covered: 2015 to 2019. Type of search: " no_omit "
pfound = 0.
