Fri Oct  2 04:02:08 2015
Search term used: " Capillary electrophoresis guidebook: principles, " Time covered: 1950 to 2015. Type of search: " omit "
cfound = 0.
Sat Oct  3 16:24:01 2015
Search term used: " janata    " . Country searched: UNITED STATES OF AMERICA.
gfound: 0.
Sat Oct  3 16:24:28 2015
Search term used: " Janata    " . Country searched: UNITED STATES OF AMERICA.
gfound: 0.
Tue Oct  6 11:11:56 2015
Search term used: " debye    " ffound: 4.
Thu Oct  8 02:56:33 2015
Search term used: " Control of Structures by " ffound: 0.
Mon Oct 19 14:40:59 2015
Search term used: " carbon black nanoparticle  " ffound: 0.
Mon Oct 19 14:41:24 2015
Search term used: " carbon black   " ffound: 1.
Mon Oct 19 14:42:17 2015
Search term used: "     " ffound: 0.
Wed Oct 21 09:59:10 2015
Search term used: " daniel a. buttry  " . Country searched: all.
gfound: 0.
Wed Oct 21 09:59:26 2015
Search term used: " daniel a. buttry  " . Country searched: all.
Exact search. (No "wildcards" as leading or trailing characters.)
gfound: 0.
Wed Oct 21 09:59:39 2015
Search term used: " daniel a. buttry  " AND " daniel a. buttry  ". Country searched: all.  
Exact search. (No "wildcards" as leading or trailing characters.)
gfound: 0.
Wed Oct 21 09:59:49 2015
Search term used: " daniel a. buttry  " AND " daniel a. buttry  ". Country searched: UNITED STATES OF AMERICA.  
Exact search. (No "wildcards" as leading or trailing characters.)
gfound: 0.
