Thu Jul  6 23:44:56 2017
Search term used: "     " . Country searched: .
gfound: 0.
Thu Jul  6 23:45:14 2017
Search term used: "     " ofound: 0.
Wed Jul 12 16:18:56 2017
Search term used: " Knag    " ffound: 0.
Fri Jul 14 02:07:26 2017
Search term used: "     " ifound: 0.
Fri Jul 14 02:08:02 2017
Search term used: "     " Time covered: 1950 to 2017. Type of search: "  "
Tue Jul 18 16:15:47 2017
Search term used: " circuit analysis   " ffound: 1.
Wed Jul 19 06:14:50 2017
Search term used: " wagner    " ffound: 3.
Sun Jul 23 21:44:46 2017
Search term used: "     " ofound: 0.
Sun Jul 23 21:48:02 2017
Search term used: "     " . Country searched: .
gfound: 0.
Thu Jul 27 09:27:19 2017
Search term used: " fremy    " ffound: 1.
Thu Jul 27 09:27:20 2017
Search term used: " fremy    " ffound: 1.
Fri Jul 28 17:48:32 2017
Search term used: "     " Time covered: 1950 to 2017. Type of search: "  "
Fri Jul 28 17:50:24 2017
Search term used: "     " ifound: 0.
Sun Jul 30 21:00:20 2017
Search term used: "     " Time covered: 1995 to 2017. Type of search: " omit "
bfound = 0.
Sun Jul 30 21:00:21 2017
Search term used: "     " Time covered: 1995 to 2017. Type of search: " omit "
bfound = 0.
Sun Jul 30 21:01:18 2017
Search term used: "     " Time covered: 1950 to 2017. Type of search: " omit "
bfound = 0.
pfound = 0.
Sun Jul 30 21:02:36 2017
Search term used: " Evaporateur    " Time covered: 1950 to 2017. Type of search: " omit "
bfound = 0.
