Mon Nov  2 19:31:12 2015
Search term used: " redox potential table  " ffound: 0.
Mon Nov  2 19:31:22 2015
Search term used: " redox potential   " ffound: 3.
Wed Nov  4 05:54:43 2015
Search term used: "     " ifound: 0.
Wed Nov  4 05:56:12 2015
Search term used: " Electrical double layer  " ifound: 0.
Fri Nov  6 04:23:00 2015
Search term used: " Tafel    " ifound: 1.
Fri Nov  6 04:40:20 2015
Search term used: " Heyrovsky    " ifound: 4.
Mon Nov  9 14:39:05 2015
Search term used: " Copper electrolysis time graph " Time covered: 1950 to 2015. Type of search: " omit "
bfound = 0.
Mon Nov  9 14:40:25 2015
Search term used: " Electrolysis copper   " AND " Copper    "
Time covered: 2000 to 2014. Type of search: " omit "
cfound = 0.
pfound = 0.
Thu Nov 12 17:46:10 2015
Search term used: " furnace element current monitoring " ffound: 0.
Thu Nov 12 17:46:26 2015
Search term used: " current monitoring   " ffound: 0.
Fri Nov 20 15:42:53 2015
Search term used: " how could we dry " ffound: 0.
Fri Nov 20 15:43:15 2015
Search term used: " how could we dry " ffound: 0.
Sun Nov 29 11:47:34 2015
Search term used: " SECM    " . Country searched: all.
gfound: 14.
